Started GET "/" for ::1 at 2023-02-24 23:17:07 +0200
  
ActiveRecord::DatabaseConnectionError (There is an issue connecting to your database with your username/password, username: postgres.

Please check your database configuration to ensure the username/password are valid.
):
  
activerecord (7.0.3) lib/active_record/connection_adapters/postgresql_adapter.rb:83:in `rescue in new_client'
activerecord (7.0.3) lib/active_record/connection_adapters/postgresql_adapter.rb:77:in `new_client'
activerecord (7.0.3) lib/active_record/connection_adapters/postgresql_adapter.rb:37:in `postgresql_connection'
activerecord (7.0.3) lib/active_record/connection_adapters/abstract/connection_pool.rb:656:in `public_send'
activerecord (7.0.3) lib/active_record/connection_adapters/abstract/connection_pool.rb:656:in `new_connection'
activerecord (7.0.3) lib/active_record/connection_adapters/abstract/connection_pool.rb:700:in `checkout_new_connection'
activerecord (7.0.3) lib/active_record/connection_adapters/abstract/connection_pool.rb:679:in `try_to_checkout_new_connection'
activerecord (7.0.3) lib/active_record/connection_adapters/abstract/connection_pool.rb:640:in `acquire_connection'
activerecord (7.0.3) lib/active_record/connection_adapters/abstract/connection_pool.rb:341:in `checkout'
activerecord (7.0.3) lib/active_record/connection_adapters/abstract/connection_pool.rb:181:in `connection'
activerecord (7.0.3) lib/active_record/connection_adapters/abstract/connection_handler.rb:211:in `retrieve_connection'
activerecord (7.0.3) lib/active_record/connection_handling.rb:313:in `retrieve_connection'
activerecord (7.0.3) lib/active_record/connection_handling.rb:280:in `connection'
activerecord (7.0.3) lib/active_record/migration.rb:613:in `connection'
activerecord (7.0.3) lib/active_record/migration.rb:608:in `build_watcher'
activerecord (7.0.3) lib/active_record/migration.rb:590:in `block in call'
activerecord (7.0.3) lib/active_record/migration.rb:589:in `synchronize'
activerecord (7.0.3) lib/active_record/migration.rb:589:in `call'
actionpack (7.0.3) lib/action_dispatch/middleware/callbacks.rb:27:in `block in call'
activesupport (7.0.3) lib/active_support/callbacks.rb:99:in `run_callbacks'
actionpack (7.0.3) lib/action_dispatch/middleware/callbacks.rb:26:in `call'
actionpack (7.0.3) lib/action_dispatch/middleware/executor.rb:14:in `call'
actionpack (7.0.3) lib/action_dispatch/middleware/actionable_exceptions.rb:17:in `call'
actionpack (7.0.3) lib/action_dispatch/middleware/debug_exceptions.rb:28:in `call'
web-console (4.2.0) lib/web_console/middleware.rb:132:in `call_app'
web-console (4.2.0) lib/web_console/middleware.rb:28:in `block in call'
web-console (4.2.0) lib/web_console/middleware.rb:17:in `catch'
web-console (4.2.0) lib/web_console/middleware.rb:17:in `call'
actionpack (7.0.3) lib/action_dispatch/middleware/show_exceptions.rb:26:in `call'
railties (7.0.3) lib/rails/rack/logger.rb:40:in `call_app'
railties (7.0.3) lib/rails/rack/logger.rb:25:in `block in call'
activesupport (7.0.3) lib/active_support/tagged_logging.rb:114:in `block in tagged'
activesupport (7.0.3) lib/active_support/tagged_logging.rb:38:in `tagged'
activesupport (7.0.3) lib/active_support/tagged_logging.rb:114:in `tagged'
railties (7.0.3) lib/rails/rack/logger.rb:25:in `call'
sprockets-rails (3.4.2) lib/sprockets/rails/quiet_assets.rb:13:in `call'
actionpack (7.0.3) lib/action_dispatch/middleware/remote_ip.rb:93:in `call'
actionpack (7.0.3) lib/action_dispatch/middleware/request_id.rb:26:in `call'
rack (2.2.3.1) lib/rack/method_override.rb:24:in `call'
rack (2.2.3.1) lib/rack/runtime.rb:22:in `call'
activesupport (7.0.3) lib/active_support/cache/strategy/local_cache_middleware.rb:29:in `call'
actionpack (7.0.3) lib/action_dispatch/middleware/server_timing.rb:20:in `call'
actionpack (7.0.3) lib/action_dispatch/middleware/executor.rb:14:in `call'
actionpack (7.0.3) lib/action_dispatch/middleware/static.rb:23:in `call'
rack (2.2.3.1) lib/rack/sendfile.rb:110:in `call'
actionpack (7.0.3) lib/action_dispatch/middleware/host_authorization.rb:137:in `call'
railties (7.0.3) lib/rails/engine.rb:530:in `call'
puma (5.6.4) lib/puma/configuration.rb:252:in `call'
puma (5.6.4) lib/puma/request.rb:77:in `block in handle_request'
puma (5.6.4) lib/puma/thread_pool.rb:340:in `with_force_shutdown'
puma (5.6.4) lib/puma/request.rb:76:in `handle_request'
puma (5.6.4) lib/puma/server.rb:441:in `process_client'
puma (5.6.4) lib/puma/thread_pool.rb:147:in `block in spawn_thread'
  [1m[35m (452.7ms)[0m  [1m[35mCREATE DATABASE "budget_app_development" ENCODING = 'unicode'[0m
  [1m[35m (355.0ms)[0m  [1m[35mCREATE DATABASE "budget_app_test" ENCODING = 'unicode'[0m
  [1m[35m (128.7ms)[0m  [1m[35mCREATE TABLE "schema_migrations" ("version" character varying NOT NULL PRIMARY KEY)[0m
  [1m[35m (31.7ms)[0m  [1m[35mCREATE TABLE "ar_internal_metadata" ("key" character varying NOT NULL PRIMARY KEY, "value" character varying, "created_at" timestamp(6) NOT NULL, "updated_at" timestamp(6) NOT NULL)[0m
  [1m[35m (1.8ms)[0m  [1m[34mSELECT pg_try_advisory_lock(2127889314188895495)[0m
  [1m[36mActiveRecord::SchemaMigration Pluck (2.2ms)[0m  [1m[34mSELECT "schema_migrations"."version" FROM "schema_migrations" ORDER BY "schema_migrations"."version" ASC[0m
Migrating to DeviseCreateUsers (20220606111714)
  [1m[36mTRANSACTION (2.3ms)[0m  [1m[35mBEGIN[0m
  [1m[35m (72.2ms)[0m  [1m[35mCREATE TABLE "users" ("id" bigserial primary key, "name" character varying, "email" character varying DEFAULT '' NOT NULL, "encrypted_password" character varying DEFAULT '' NOT NULL, "reset_password_token" character varying, "reset_password_sent_at" timestamp(6), "remember_created_at" timestamp(6), "confirmation_token" character varying, "confirmed_at" timestamp(6), "confirmation_sent_at" timestamp(6), "unconfirmed_email" character varying, "created_at" timestamp(6) NOT NULL, "updated_at" timestamp(6) NOT NULL)[0m
  [1m[35m (3.5ms)[0m  [1m[35mCREATE UNIQUE INDEX "index_users_on_email" ON "users" ("email")[0m
  [1m[35m (6.6ms)[0m  [1m[35mCREATE UNIQUE INDEX "index_users_on_reset_password_token" ON "users" ("reset_password_token")[0m
  [1m[36mActiveRecord::SchemaMigration Create (45.0ms)[0m  [1m[32mINSERT INTO "schema_migrations" ("version") VALUES ($1) RETURNING "version"[0m  [["version", "20220606111714"]]
  [1m[36mTRANSACTION (4.8ms)[0m  [1m[35mCOMMIT[0m
Migrating to CreateGroups (20220606112745)
  [1m[36mTRANSACTION (41.5ms)[0m  [1m[35mBEGIN[0m
  [1m[35m (19.2ms)[0m  [1m[35mCREATE TABLE "groups" ("id" bigserial primary key, "name" character varying, "icon" character varying, "user_id" bigint NOT NULL, "created_at" timestamp(6) NOT NULL, "updated_at" timestamp(6) NOT NULL, CONSTRAINT "fk_rails_5e78cd340a"
FOREIGN KEY ("user_id")
  REFERENCES "users" ("id")
)[0m
  [1m[35m (3.5ms)[0m  [1m[35mCREATE INDEX "index_groups_on_user_id" ON "groups" ("user_id")[0m
  [1m[36mActiveRecord::SchemaMigration Create (8.6ms)[0m  [1m[32mINSERT INTO "schema_migrations" ("version") VALUES ($1) RETURNING "version"[0m  [["version", "20220606112745"]]
  [1m[36mTRANSACTION (2.1ms)[0m  [1m[35mCOMMIT[0m
Migrating to CreateEntities (20220606112807)
  [1m[36mTRANSACTION (40.6ms)[0m  [1m[35mBEGIN[0m
  [1m[35m (10.0ms)[0m  [1m[35mCREATE TABLE "entities" ("id" bigserial primary key, "name" character varying, "amount" integer, "user_id" bigint NOT NULL, "group_id" bigint NOT NULL, "created_at" timestamp(6) NOT NULL, "updated_at" timestamp(6) NOT NULL, CONSTRAINT "fk_rails_71e168c975"
FOREIGN KEY ("user_id")
  REFERENCES "users" ("id")
, CONSTRAINT "fk_rails_23743f9b91"
FOREIGN KEY ("group_id")
  REFERENCES "groups" ("id")
)[0m
  [1m[35m (2.8ms)[0m  [1m[35mCREATE INDEX "index_entities_on_user_id" ON "entities" ("user_id")[0m
  [1m[35m (2.6ms)[0m  [1m[35mCREATE INDEX "index_entities_on_group_id" ON "entities" ("group_id")[0m
  [1m[36mActiveRecord::SchemaMigration Create (1.0ms)[0m  [1m[32mINSERT INTO "schema_migrations" ("version") VALUES ($1) RETURNING "version"[0m  [["version", "20220606112807"]]
  [1m[36mTRANSACTION (1.6ms)[0m  [1m[35mCOMMIT[0m
Migrating to CreateGroupEntities (20220608160119)
  [1m[36mTRANSACTION (40.7ms)[0m  [1m[35mBEGIN[0m
  [1m[35m (6.6ms)[0m  [1m[35mCREATE TABLE "group_entities" ("id" bigserial primary key, "group_id" bigint NOT NULL, "entity_id" bigint NOT NULL, "created_at" timestamp(6) NOT NULL, "updated_at" timestamp(6) NOT NULL, CONSTRAINT "fk_rails_af2d1a29c6"
FOREIGN KEY ("group_id")
  REFERENCES "groups" ("id")
, CONSTRAINT "fk_rails_d82e1772e2"
FOREIGN KEY ("entity_id")
  REFERENCES "entities" ("id")
)[0m
  [1m[35m (2.6ms)[0m  [1m[35mCREATE INDEX "index_group_entities_on_group_id" ON "group_entities" ("group_id")[0m
  [1m[35m (3.0ms)[0m  [1m[35mCREATE INDEX "index_group_entities_on_entity_id" ON "group_entities" ("entity_id")[0m
  [1m[36mActiveRecord::SchemaMigration Create (0.5ms)[0m  [1m[32mINSERT INTO "schema_migrations" ("version") VALUES ($1) RETURNING "version"[0m  [["version", "20220608160119"]]
  [1m[36mTRANSACTION (5.9ms)[0m  [1m[35mCOMMIT[0m
  [1m[36mActiveRecord::InternalMetadata Load (0.7ms)[0m  [1m[34mSELECT "ar_internal_metadata".* FROM "ar_internal_metadata" WHERE "ar_internal_metadata"."key" = $1 LIMIT $2[0m  [["key", "environment"], ["LIMIT", 1]]
  [1m[36mTRANSACTION (0.3ms)[0m  [1m[35mBEGIN[0m
  [1m[36mActiveRecord::InternalMetadata Create (2.2ms)[0m  [1m[32mINSERT INTO "ar_internal_metadata" ("key", "value", "created_at", "updated_at") VALUES ($1, $2, $3, $4) RETURNING "key"[0m  [["key", "environment"], ["value", "development"], ["created_at", "2023-02-25 18:42:55.291563"], ["updated_at", "2023-02-25 18:42:55.291563"]]
  [1m[36mTRANSACTION (1.4ms)[0m  [1m[35mCOMMIT[0m
  [1m[35m (0.5ms)[0m  [1m[34mSELECT pg_advisory_unlock(2127889314188895495)[0m
  [1m[36mActiveRecord::SchemaMigration Pluck (1.1ms)[0m  [1m[34mSELECT "schema_migrations"."version" FROM "schema_migrations" ORDER BY "schema_migrations"."version" ASC[0m
Started GET "/" for 127.0.0.1 at 2023-02-25 20:46:27 +0200
  [1m[36mActiveRecord::SchemaMigration Pluck (1.1ms)[0m  [1m[34mSELECT "schema_migrations"."version" FROM "schema_migrations" ORDER BY "schema_migrations"."version" ASC[0m
Processing by GroupsController#index as HTML
Completed 401 Unauthorized in 34ms (ActiveRecord: 0.0ms | Allocations: 6577)


Started GET "/users/sign_in" for 127.0.0.1 at 2023-02-25 20:46:28 +0200
Processing by Devise::SessionsController#new as HTML
  Rendering layout layouts/application.html.erb
  Rendering devise/sessions/new.html.erb within layouts/application
  Rendered devise/shared/_links.html.erb (Duration: 4.7ms | Allocations: 863)
  Rendered devise/sessions/new.html.erb within layouts/application (Duration: 38.9ms | Allocations: 2905)
  Rendered layout layouts/application.html.erb (Duration: 552.0ms | Allocations: 69432)
Completed 200 OK in 605ms (Views: 578.2ms | ActiveRecord: 4.7ms | Allocations: 80169)


Started GET "/users/sign_up" for 127.0.0.1 at 2023-02-25 20:46:41 +0200
Processing by Devise::RegistrationsController#new as HTML
  Rendering layout layouts/application.html.erb
  Rendering devise/registrations/new.html.erb within layouts/application
  Rendered devise/shared/_error_messages.html.erb (Duration: 2.2ms | Allocations: 231)
  Rendered devise/registrations/new.html.erb within layouts/application (Duration: 8.1ms | Allocations: 1604)
  Rendered layout layouts/application.html.erb (Duration: 11.1ms | Allocations: 2756)
Completed 200 OK in 16ms (Views: 14.3ms | ActiveRecord: 0.0ms | Allocations: 4446)


Started POST "/users" for 127.0.0.1 at 2023-02-25 20:47:26 +0200
Processing by Devise::RegistrationsController#create as HTML
  Parameters: {"authenticity_token"=>"[FILTERED]", "user"=>{"name"=>"omar", "email"=>"pak@gmail.com", "password"=>"[FILTERED]", "password_confirmation"=>"[FILTERED]"}, "commit"=>"Sign up"}
[31mUnpermitted parameter: :name. Context: { controller: Devise::RegistrationsController, action: create, request: #<ActionDispatch::Request:0x000000010acc2418>, params: {"authenticity_token"=>"[FILTERED]", "user"=>{"name"=>"omar", "email"=>"pak@gmail.com", "password"=>"[FILTERED]", "password_confirmation"=>"[FILTERED]"}, "commit"=>"Sign up", "controller"=>"devise/registrations", "action"=>"create"} }[0m
  [1m[36mTRANSACTION (0.2ms)[0m  [1m[35mBEGIN[0m
  [1m[36mUser Exists? (39.9ms)[0m  [1m[34mSELECT 1 AS one FROM "users" WHERE "users"."email" = $1 LIMIT $2[0m  [["email", "pak@gmail.com"], ["LIMIT", 1]]
  [1m[36mUser Create (4.1ms)[0m  [1m[32mINSERT INTO "users" ("name", "email", "encrypted_password", "reset_password_token", "reset_password_sent_at", "remember_created_at", "confirmation_token", "confirmed_at", "confirmation_sent_at", "unconfirmed_email", "created_at", "updated_at") VALUES ($1, $2, $3, $4, $5, $6, $7, $8, $9, $10, $11, $12) RETURNING "id"[0m  [["name", nil], ["email", "pak@gmail.com"], ["encrypted_password", "$2a$12$M2RFiqKn6KxMuAD/Xz2c7.Cn7/sTio05aVskuLfZSaoRYdwDSj5qq"], ["reset_password_token", nil], ["reset_password_sent_at", nil], ["remember_created_at", nil], ["confirmation_token", "LVajmAvumKXNEy2GSJVy"], ["confirmed_at", nil], ["confirmation_sent_at", "2023-02-25 18:47:27.335985"], ["unconfirmed_email", nil], ["created_at", "2023-02-25 18:47:27.335572"], ["updated_at", "2023-02-25 18:47:27.335572"]]
  [1m[36mTRANSACTION (5.0ms)[0m  [1m[35mCOMMIT[0m
  Rendering devise/mailer/confirmation_instructions.html.erb
  Rendered devise/mailer/confirmation_instructions.html.erb (Duration: 6.9ms | Allocations: 392)
Devise::Mailer#confirmation_instructions: processed outbound mail in 23.5ms
Delivered mail 63fa57bf8f547_35813e5890457@MacBook-Air-2.local.mail (101.1ms)
Date: Sat, 25 Feb 2023 20:47:27 +0200
From: please-change-me-at-config-initializers-devise@example.com
Reply-To: please-change-me-at-config-initializers-devise@example.com
To: pak@gmail.com
Message-ID: <63fa57bf8f547_35813e5890457@MacBook-Air-2.local.mail>
Subject: Confirmation instructions
Mime-Version: 1.0
Content-Type: text/html;
 charset=UTF-8
Content-Transfer-Encoding: 7bit

<p>Welcome pak@gmail.com!</p>

<p>You can confirm your account email through the link below:</p>

<p><a href="http://localhost:3000/users/confirmation?confirmation_token=LVajmAvumKXNEy2GSJVy">Confirm my account</a></p>

Redirected to http://127.0.0.1:3000/
Completed 302 Found in 741ms (ActiveRecord: 49.2ms | Allocations: 56866)


Started GET "/" for 127.0.0.1 at 2023-02-25 20:47:27 +0200
Processing by GroupsController#index as HTML
Completed 401 Unauthorized in 9ms (ActiveRecord: 0.0ms | Allocations: 765)


Started GET "/users/sign_in" for 127.0.0.1 at 2023-02-25 20:47:27 +0200
Processing by Devise::SessionsController#new as HTML
  Rendering layout layouts/application.html.erb
  Rendering devise/sessions/new.html.erb within layouts/application
  Rendered devise/shared/_links.html.erb (Duration: 0.6ms | Allocations: 197)
  Rendered devise/sessions/new.html.erb within layouts/application (Duration: 7.5ms | Allocations: 817)
  Rendered layout layouts/application.html.erb (Duration: 21.5ms | Allocations: 1889)
Completed 200 OK in 28ms (Views: 25.2ms | ActiveRecord: 0.0ms | Allocations: 2986)


Started GET "/users/confirmation?confirmation_token=[FILTERED]" for ::1 at 2023-02-25 20:47:33 +0200
Processing by Devise::ConfirmationsController#show as HTML
  Parameters: {"confirmation_token"=>"[FILTERED]"}
  [1m[36mUser Load (0.5ms)[0m  [1m[34mSELECT "users".* FROM "users" WHERE "users"."confirmation_token" = $1 ORDER BY "users"."id" ASC LIMIT $2[0m  [["confirmation_token", "LVajmAvumKXNEy2GSJVy"], ["LIMIT", 1]]
  [1m[36mTRANSACTION (0.6ms)[0m  [1m[35mBEGIN[0m
  [1m[36mUser Update (3.1ms)[0m  [1m[33mUPDATE "users" SET "confirmed_at" = $1, "updated_at" = $2 WHERE "users"."id" = $3[0m  [["confirmed_at", "2023-02-25 18:47:33.352593"], ["updated_at", "2023-02-25 18:47:33.353598"], ["id", 1]]
  [1m[36mTRANSACTION (41.5ms)[0m  [1m[35mCOMMIT[0m
Redirected to http://localhost:3000/users/sign_in
Completed 302 Found in 73ms (ActiveRecord: 46.0ms | Allocations: 6022)


Started GET "/users/sign_in" for ::1 at 2023-02-25 20:47:33 +0200
Processing by Devise::SessionsController#new as HTML
  Rendering layout layouts/application.html.erb
  Rendering devise/sessions/new.html.erb within layouts/application
  Rendered devise/shared/_links.html.erb (Duration: 0.4ms | Allocations: 197)
  Rendered devise/sessions/new.html.erb within layouts/application (Duration: 1.5ms | Allocations: 817)
  Rendered layout layouts/application.html.erb (Duration: 5.2ms | Allocations: 1886)
Completed 200 OK in 8ms (Views: 6.1ms | ActiveRecord: 0.0ms | Allocations: 2587)


Started POST "/users/sign_in" for ::1 at 2023-02-25 20:48:11 +0200
Processing by Devise::SessionsController#create as HTML
  Parameters: {"authenticity_token"=>"[FILTERED]", "user"=>{"email"=>"pak@test.com", "password"=>"[FILTERED]"}, "commit"=>"Log in"}
  [1m[36mUser Load (0.3ms)[0m  [1m[34mSELECT "users".* FROM "users" WHERE "users"."email" = $1 ORDER BY "users"."id" ASC LIMIT $2[0m  [["email", "pak@test.com"], ["LIMIT", 1]]
Completed 401 Unauthorized in 12ms (ActiveRecord: 0.3ms | Allocations: 1530)


Processing by Devise::SessionsController#new as HTML
  Parameters: {"authenticity_token"=>"[FILTERED]", "user"=>{"email"=>"pak@test.com", "password"=>"[FILTERED]"}, "commit"=>"Log in"}
  Rendering layout layouts/application.html.erb
  Rendering devise/sessions/new.html.erb within layouts/application
  Rendered devise/shared/_links.html.erb (Duration: 0.6ms | Allocations: 192)
  Rendered devise/sessions/new.html.erb within layouts/application (Duration: 2.9ms | Allocations: 759)
  Rendered layout layouts/application.html.erb (Duration: 6.5ms | Allocations: 1724)
Completed 200 OK in 327ms (Views: 7.2ms | ActiveRecord: 0.0ms | Allocations: 2242)


Started POST "/users/sign_in" for ::1 at 2023-02-25 20:48:20 +0200
Processing by Devise::SessionsController#create as HTML
  Parameters: {"authenticity_token"=>"[FILTERED]", "user"=>{"email"=>"pak@test.com", "password"=>"[FILTERED]"}, "commit"=>"Log in"}
  [1m[36mUser Load (0.3ms)[0m  [1m[34mSELECT "users".* FROM "users" WHERE "users"."email" = $1 ORDER BY "users"."id" ASC LIMIT $2[0m  [["email", "pak@test.com"], ["LIMIT", 1]]
Completed 401 Unauthorized in 9ms (ActiveRecord: 0.3ms | Allocations: 1467)


Processing by Devise::SessionsController#new as HTML
  Parameters: {"authenticity_token"=>"[FILTERED]", "user"=>{"email"=>"pak@test.com", "password"=>"[FILTERED]"}, "commit"=>"Log in"}
  Rendering layout layouts/application.html.erb
  Rendering devise/sessions/new.html.erb within layouts/application
  Rendered devise/shared/_links.html.erb (Duration: 0.4ms | Allocations: 192)
  Rendered devise/sessions/new.html.erb within layouts/application (Duration: 1.5ms | Allocations: 752)
  Rendered layout layouts/application.html.erb (Duration: 4.2ms | Allocations: 1717)
Completed 200 OK in 292ms (Views: 4.9ms | ActiveRecord: 0.0ms | Allocations: 2218)


Started POST "/users/sign_in" for ::1 at 2023-02-25 20:48:21 +0200
Processing by Devise::SessionsController#create as HTML
  Parameters: {"authenticity_token"=>"[FILTERED]", "user"=>{"email"=>"pak@test.com", "password"=>"[FILTERED]"}, "commit"=>"Log in"}
Completed 401 Unauthorized in 1ms (ActiveRecord: 0.0ms | Allocations: 364)


Processing by Devise::SessionsController#new as HTML
  Parameters: {"authenticity_token"=>"[FILTERED]", "user"=>{"email"=>"pak@test.com", "password"=>"[FILTERED]"}, "commit"=>"Log in"}
  Rendering layout layouts/application.html.erb
  Rendering devise/sessions/new.html.erb within layouts/application
  Rendered devise/shared/_links.html.erb (Duration: 0.4ms | Allocations: 192)
  Rendered devise/sessions/new.html.erb within layouts/application (Duration: 1.4ms | Allocations: 752)
  Rendered layout layouts/application.html.erb (Duration: 4.2ms | Allocations: 1718)
Completed 200 OK in 6ms (Views: 5.4ms | ActiveRecord: 0.0ms | Allocations: 2195)


Started GET "/users/sign_up" for ::1 at 2023-02-25 20:48:27 +0200
Processing by Devise::RegistrationsController#new as HTML
  Rendering layout layouts/application.html.erb
  Rendering devise/registrations/new.html.erb within layouts/application
  Rendered devise/shared/_error_messages.html.erb (Duration: 0.1ms | Allocations: 21)
  Rendered devise/registrations/new.html.erb within layouts/application (Duration: 8.7ms | Allocations: 763)
  Rendered layout layouts/application.html.erb (Duration: 19.6ms | Allocations: 1745)
Completed 200 OK in 21ms (Views: 20.3ms | ActiveRecord: 0.0ms | Allocations: 2275)


Started POST "/users" for ::1 at 2023-02-25 20:48:39 +0200
Processing by Devise::RegistrationsController#create as HTML
  Parameters: {"authenticity_token"=>"[FILTERED]", "user"=>{"name"=>"omar", "email"=>"obabou50@gmail.com", "password"=>"[FILTERED]", "password_confirmation"=>"[FILTERED]"}, "commit"=>"Sign up"}
[31mUnpermitted parameter: :name. Context: { controller: Devise::RegistrationsController, action: create, request: #<ActionDispatch::Request:0x000000010b927898>, params: {"authenticity_token"=>"[FILTERED]", "user"=>{"name"=>"omar", "email"=>"obabou50@gmail.com", "password"=>"[FILTERED]", "password_confirmation"=>"[FILTERED]"}, "commit"=>"Sign up", "controller"=>"devise/registrations", "action"=>"create"} }[0m
  [1m[36mTRANSACTION (0.2ms)[0m  [1m[35mBEGIN[0m
  [1m[36mUser Exists? (0.4ms)[0m  [1m[34mSELECT 1 AS one FROM "users" WHERE "users"."email" = $1 LIMIT $2[0m  [["email", "obabou50@gmail.com"], ["LIMIT", 1]]
  [1m[36mUser Create (0.4ms)[0m  [1m[32mINSERT INTO "users" ("name", "email", "encrypted_password", "reset_password_token", "reset_password_sent_at", "remember_created_at", "confirmation_token", "confirmed_at", "confirmation_sent_at", "unconfirmed_email", "created_at", "updated_at") VALUES ($1, $2, $3, $4, $5, $6, $7, $8, $9, $10, $11, $12) RETURNING "id"[0m  [["name", nil], ["email", "obabou50@gmail.com"], ["encrypted_password", "$2a$12$gUzKNkkkfQHMOIXqmSsrheKlrImJUb5nlz9W3dgOLaCA6Cxd2VuvO"], ["reset_password_token", nil], ["reset_password_sent_at", nil], ["remember_created_at", nil], ["confirmation_token", "gExJqnHLNQvcFMoZT4ZB"], ["confirmed_at", nil], ["confirmation_sent_at", "2023-02-25 18:48:39.691477"], ["unconfirmed_email", nil], ["created_at", "2023-02-25 18:48:39.691410"], ["updated_at", "2023-02-25 18:48:39.691410"]]
  [1m[36mTRANSACTION (1.5ms)[0m  [1m[35mCOMMIT[0m
  Rendering devise/mailer/confirmation_instructions.html.erb
  Rendered devise/mailer/confirmation_instructions.html.erb (Duration: 0.3ms | Allocations: 97)
Devise::Mailer#confirmation_instructions: processed outbound mail in 12.3ms
Delivered mail 63fa5807b2f8a_35813e4490563@MacBook-Air-2.local.mail (45.2ms)
Date: Sat, 25 Feb 2023 20:48:39 +0200
From: please-change-me-at-config-initializers-devise@example.com
Reply-To: please-change-me-at-config-initializers-devise@example.com
To: obabou50@gmail.com
Message-ID: <63fa5807b2f8a_35813e4490563@MacBook-Air-2.local.mail>
Subject: Confirmation instructions
Mime-Version: 1.0
Content-Type: text/html;
 charset=UTF-8
Content-Transfer-Encoding: 7bit

<p>Welcome obabou50@gmail.com!</p>

<p>You can confirm your account email through the link below:</p>

<p><a href="http://localhost:3000/users/confirmation?confirmation_token=gExJqnHLNQvcFMoZT4ZB">Confirm my account</a></p>

Redirected to http://localhost:3000/
Completed 302 Found in 401ms (ActiveRecord: 2.5ms | Allocations: 11305)


Started GET "/" for ::1 at 2023-02-25 20:48:39 +0200
Processing by GroupsController#index as HTML
Completed 401 Unauthorized in 4ms (ActiveRecord: 0.0ms | Allocations: 305)


Started GET "/users/sign_in" for ::1 at 2023-02-25 20:48:39 +0200
Processing by Devise::SessionsController#new as HTML
  Rendering layout layouts/application.html.erb
  Rendering devise/sessions/new.html.erb within layouts/application
  Rendered devise/shared/_links.html.erb (Duration: 1.1ms | Allocations: 192)
  Rendered devise/sessions/new.html.erb within layouts/application (Duration: 16.1ms | Allocations: 756)
  Rendered layout layouts/application.html.erb (Duration: 23.5ms | Allocations: 1732)
Completed 200 OK in 29ms (Views: 27.1ms | ActiveRecord: 0.0ms | Allocations: 2366)


Started GET "/users/confirmation?confirmation_token=[FILTERED]" for ::1 at 2023-02-25 20:48:52 +0200
Processing by Devise::ConfirmationsController#show as HTML
  Parameters: {"confirmation_token"=>"[FILTERED]"}
  [1m[36mUser Load (1.1ms)[0m  [1m[34mSELECT "users".* FROM "users" WHERE "users"."confirmation_token" = $1 ORDER BY "users"."id" ASC LIMIT $2[0m  [["confirmation_token", "gExJqnHLNQvcFMoZT4ZB"], ["LIMIT", 1]]
  [1m[36mTRANSACTION (1.9ms)[0m  [1m[35mBEGIN[0m
  [1m[36mUser Update (1.2ms)[0m  [1m[33mUPDATE "users" SET "confirmed_at" = $1, "updated_at" = $2 WHERE "users"."id" = $3[0m  [["confirmed_at", "2023-02-25 18:48:52.149241"], ["updated_at", "2023-02-25 18:48:52.149901"], ["id", 2]]
  [1m[36mTRANSACTION (42.5ms)[0m  [1m[35mCOMMIT[0m
Redirected to http://localhost:3000/users/sign_in
Completed 302 Found in 68ms (ActiveRecord: 46.7ms | Allocations: 4738)


Started GET "/users/sign_in" for ::1 at 2023-02-25 20:48:52 +0200
Processing by Devise::SessionsController#new as HTML
  Rendering layout layouts/application.html.erb
  Rendering devise/sessions/new.html.erb within layouts/application
  Rendered devise/shared/_links.html.erb (Duration: 0.4ms | Allocations: 192)
  Rendered devise/sessions/new.html.erb within layouts/application (Duration: 1.9ms | Allocations: 756)
  Rendered layout layouts/application.html.erb (Duration: 5.3ms | Allocations: 1732)
Completed 200 OK in 8ms (Views: 6.0ms | ActiveRecord: 0.0ms | Allocations: 2384)


Started POST "/users/sign_in" for ::1 at 2023-02-25 20:49:32 +0200
Processing by Devise::SessionsController#create as HTML
  Parameters: {"authenticity_token"=>"[FILTERED]", "user"=>{"email"=>"obabou50@gmail.com", "password"=>"[FILTERED]"}, "commit"=>"Log in"}
  [1m[36mUser Load (0.4ms)[0m  [1m[34mSELECT "users".* FROM "users" WHERE "users"."email" = $1 ORDER BY "users"."id" ASC LIMIT $2[0m  [["email", "obabou50@gmail.com"], ["LIMIT", 1]]
Redirected to http://localhost:3000/
Completed 302 Found in 293ms (ActiveRecord: 0.4ms | Allocations: 2536)


Started GET "/" for ::1 at 2023-02-25 20:49:33 +0200
Processing by GroupsController#index as HTML
  [1m[36mUser Load (0.2ms)[0m  [1m[34mSELECT "users".* FROM "users" WHERE "users"."id" = $1 ORDER BY "users"."id" ASC LIMIT $2[0m  [["id", 2], ["LIMIT", 1]]
  Rendering layout layouts/application.html.erb
  Rendering groups/index.html.erb within layouts/application
  [1m[36mGroup Exists? (44.9ms)[0m  [1m[34mSELECT 1 AS one FROM "groups" WHERE "groups"."user_id" = $1 LIMIT $2[0m  [["user_id", 2], ["LIMIT", 1]]
  ↳ app/views/groups/_home_page.html.erb:9
  Rendered groups/_home_page.html.erb (Duration: 51.2ms | Allocations: 1395)
  Rendered groups/index.html.erb within layouts/application (Duration: 54.9ms | Allocations: 1763)
  Rendered layout layouts/application.html.erb (Duration: 59.9ms | Allocations: 2944)
Completed 200 OK in 170ms (Views: 17.0ms | ActiveRecord: 46.6ms | Allocations: 23554)


Started GET "/groups/new" for ::1 at 2023-02-25 20:49:46 +0200
Processing by GroupsController#new as HTML
  [1m[36mUser Load (0.4ms)[0m  [1m[34mSELECT "users".* FROM "users" WHERE "users"."id" = $1 ORDER BY "users"."id" ASC LIMIT $2[0m  [["id", 2], ["LIMIT", 1]]
  Rendering layout layouts/application.html.erb
  Rendering groups/new.html.erb within layouts/application
  Rendered groups/new.html.erb within layouts/application (Duration: 6.4ms | Allocations: 994)
  Rendered layout layouts/application.html.erb (Duration: 8.4ms | Allocations: 1968)
Completed 200 OK in 27ms (Views: 9.1ms | ActiveRecord: 4.0ms | Allocations: 6146)


Started GET "/users/sign_out" for ::1 at 2023-02-25 20:49:53 +0200
  
ActionController::RoutingError (No route matches [GET] "/users/sign_out"):
  
Started GET "/groups" for ::1 at 2023-02-25 20:50:02 +0200
Processing by GroupsController#index as HTML
  [1m[36mUser Load (0.3ms)[0m  [1m[34mSELECT "users".* FROM "users" WHERE "users"."id" = $1 ORDER BY "users"."id" ASC LIMIT $2[0m  [["id", 2], ["LIMIT", 1]]
  Rendering layout layouts/application.html.erb
  Rendering groups/index.html.erb within layouts/application
  [1m[36mGroup Exists? (2.6ms)[0m  [1m[34mSELECT 1 AS one FROM "groups" WHERE "groups"."user_id" = $1 LIMIT $2[0m  [["user_id", 2], ["LIMIT", 1]]
  ↳ app/views/groups/_home_page.html.erb:9
  Rendered groups/_home_page.html.erb (Duration: 5.5ms | Allocations: 769)
  Rendered groups/index.html.erb within layouts/application (Duration: 5.8ms | Allocations: 852)
  Rendered layout layouts/application.html.erb (Duration: 7.8ms | Allocations: 1931)
Completed 200 OK in 17ms (Views: 6.1ms | ActiveRecord: 2.9ms | Allocations: 4501)


Started GET "/users/sign_out" for ::1 at 2023-02-25 20:50:04 +0200
  
ActionController::RoutingError (No route matches [GET] "/users/sign_out"):
  
Started GET "/groups/new" for ::1 at 2023-02-25 20:50:15 +0200
Processing by GroupsController#new as HTML
  [1m[36mUser Load (0.3ms)[0m  [1m[34mSELECT "users".* FROM "users" WHERE "users"."id" = $1 ORDER BY "users"."id" ASC LIMIT $2[0m  [["id", 2], ["LIMIT", 1]]
  Rendering layout layouts/application.html.erb
  Rendering groups/new.html.erb within layouts/application
  Rendered groups/new.html.erb within layouts/application (Duration: 3.5ms | Allocations: 590)
  Rendered layout layouts/application.html.erb (Duration: 6.7ms | Allocations: 1571)
Completed 200 OK in 14ms (Views: 7.3ms | ActiveRecord: 0.3ms | Allocations: 3699)


Started POST "/groups" for ::1 at 2023-02-25 20:50:23 +0200
Processing by GroupsController#create as HTML
  Parameters: {"authenticity_token"=>"[FILTERED]", "group"=>{"name"=>"", "icon"=>""}, "commit"=>"Submit"}
  [1m[36mUser Load (0.4ms)[0m  [1m[34mSELECT "users".* FROM "users" WHERE "users"."id" = $1 ORDER BY "users"."id" ASC LIMIT $2[0m  [["id", 2], ["LIMIT", 1]]
  [1m[36mTRANSACTION (0.2ms)[0m  [1m[35mBEGIN[0m
  ↳ app/controllers/groups_controller.rb:17:in `create'
  [1m[36mUser Load (0.3ms)[0m  [1m[34mSELECT "users".* FROM "users" WHERE "users"."id" = $1 LIMIT $2[0m  [["id", 2], ["LIMIT", 1]]
  ↳ app/controllers/groups_controller.rb:17:in `create'
  [1m[36mTRANSACTION (2.9ms)[0m  [1m[31mROLLBACK[0m
  ↳ app/controllers/groups_controller.rb:17:in `create'
  Rendering layout layouts/application.html.erb
  Rendering groups/new.html.erb within layouts/application
  Rendered groups/new.html.erb within layouts/application (Duration: 2.7ms | Allocations: 1397)
  Rendered layout layouts/application.html.erb (Duration: 4.7ms | Allocations: 2462)
Completed 422 Unprocessable Entity in 54ms (Views: 5.4ms | ActiveRecord: 3.8ms | Allocations: 17268)


Started POST "/groups" for ::1 at 2023-02-25 20:50:25 +0200
Processing by GroupsController#create as HTML
  Parameters: {"authenticity_token"=>"[FILTERED]", "group"=>{"name"=>"", "icon"=>""}, "commit"=>"Submit"}
  [1m[36mUser Load (0.3ms)[0m  [1m[34mSELECT "users".* FROM "users" WHERE "users"."id" = $1 ORDER BY "users"."id" ASC LIMIT $2[0m  [["id", 2], ["LIMIT", 1]]
  [1m[36mTRANSACTION (0.2ms)[0m  [1m[35mBEGIN[0m
  ↳ app/controllers/groups_controller.rb:17:in `create'
  [1m[36mUser Load (4.3ms)[0m  [1m[34mSELECT "users".* FROM "users" WHERE "users"."id" = $1 LIMIT $2[0m  [["id", 2], ["LIMIT", 1]]
  ↳ app/controllers/groups_controller.rb:17:in `create'
  [1m[36mTRANSACTION (4.9ms)[0m  [1m[31mROLLBACK[0m
  ↳ app/controllers/groups_controller.rb:17:in `create'
  Rendering layout layouts/application.html.erb
  Rendering groups/new.html.erb within layouts/application
  Rendered groups/new.html.erb within layouts/application (Duration: 2.0ms | Allocations: 1138)
  Rendered layout layouts/application.html.erb (Duration: 5.0ms | Allocations: 2102)
Completed 422 Unprocessable Entity in 32ms (Views: 7.1ms | ActiveRecord: 9.7ms | Allocations: 7073)


Started POST "/groups" for ::1 at 2023-02-25 20:50:26 +0200
Processing by GroupsController#create as HTML
  Parameters: {"authenticity_token"=>"[FILTERED]", "group"=>{"name"=>"", "icon"=>""}, "commit"=>"Submit"}
  [1m[36mUser Load (0.3ms)[0m  [1m[34mSELECT "users".* FROM "users" WHERE "users"."id" = $1 ORDER BY "users"."id" ASC LIMIT $2[0m  [["id", 2], ["LIMIT", 1]]
  [1m[36mTRANSACTION (3.2ms)[0m  [1m[35mBEGIN[0m
  ↳ app/controllers/groups_controller.rb:17:in `create'
  [1m[36mUser Load (3.5ms)[0m  [1m[34mSELECT "users".* FROM "users" WHERE "users"."id" = $1 LIMIT $2[0m  [["id", 2], ["LIMIT", 1]]
  ↳ app/controllers/groups_controller.rb:17:in `create'
  [1m[36mTRANSACTION (63.5ms)[0m  [1m[31mROLLBACK[0m
  ↳ app/controllers/groups_controller.rb:17:in `create'
  Rendering layout layouts/application.html.erb
  Rendering groups/new.html.erb within layouts/application
  Rendered groups/new.html.erb within layouts/application (Duration: 2.0ms | Allocations: 1138)
  Rendered layout layouts/application.html.erb (Duration: 4.4ms | Allocations: 2102)
Completed 422 Unprocessable Entity in 93ms (Views: 5.1ms | ActiveRecord: 70.4ms | Allocations: 6916)


Started POST "/groups" for ::1 at 2023-02-25 20:50:26 +0200
Processing by GroupsController#create as HTML
  Parameters: {"authenticity_token"=>"[FILTERED]", "group"=>{"name"=>"", "icon"=>""}, "commit"=>"Submit"}
  [1m[36mUser Load (56.2ms)[0m  [1m[34mSELECT "users".* FROM "users" WHERE "users"."id" = $1 ORDER BY "users"."id" ASC LIMIT $2[0m  [["id", 2], ["LIMIT", 1]]
Started POST "/groups" for ::1 at 2023-02-25 20:50:26 +0200
  [1m[36mTRANSACTION (28.6ms)[0m  [1m[35mBEGIN[0m
  ↳ app/controllers/groups_controller.rb:17:in `create'
Processing by GroupsController#create as HTML
  Parameters: {"authenticity_token"=>"[FILTERED]", "group"=>{"name"=>"", "icon"=>""}, "commit"=>"Submit"}
  [1m[36mUser Load (7.2ms)[0m  [1m[34mSELECT "users".* FROM "users" WHERE "users"."id" = $1 LIMIT $2[0m  [["id", 2], ["LIMIT", 1]]
  ↳ app/controllers/groups_controller.rb:17:in `create'
  [1m[36mTRANSACTION (0.4ms)[0m  [1m[31mROLLBACK[0m
  ↳ app/controllers/groups_controller.rb:17:in `create'
  Rendering layout layouts/application.html.erb
  Rendering groups/new.html.erb within layouts/application
  Rendered groups/new.html.erb within layouts/application (Duration: 4.3ms | Allocations: 1150)
  Rendered layout layouts/application.html.erb (Duration: 9.1ms | Allocations: 2135)
Completed 422 Unprocessable Entity in 130ms (Views: 9.8ms | ActiveRecord: 92.4ms | Allocations: 9022)


  [1m[36mUser Load (0.6ms)[0m  [1m[34mSELECT "users".* FROM "users" WHERE "users"."id" = $1 ORDER BY "users"."id" ASC LIMIT $2[0m  [["id", 2], ["LIMIT", 1]]
  [1m[36mTRANSACTION (0.2ms)[0m  [1m[35mBEGIN[0m
  ↳ app/controllers/groups_controller.rb:17:in `create'
  [1m[36mUser Load (0.5ms)[0m  [1m[34mSELECT "users".* FROM "users" WHERE "users"."id" = $1 LIMIT $2[0m  [["id", 2], ["LIMIT", 1]]
  ↳ app/controllers/groups_controller.rb:17:in `create'
  [1m[36mTRANSACTION (0.2ms)[0m  [1m[31mROLLBACK[0m
  ↳ app/controllers/groups_controller.rb:17:in `create'
  Rendering layout layouts/application.html.erb
  Rendering groups/new.html.erb within layouts/application
  Rendered groups/new.html.erb within layouts/application (Duration: 5.4ms | Allocations: 1138)
  Rendered layout layouts/application.html.erb (Duration: 9.8ms | Allocations: 2102)
Completed 422 Unprocessable Entity in 124ms (Views: 10.6ms | ActiveRecord: 18.2ms | Allocations: 13917)


Started POST "/groups" for ::1 at 2023-02-25 20:50:27 +0200
Processing by GroupsController#create as HTML
  Parameters: {"authenticity_token"=>"[FILTERED]", "group"=>{"name"=>"", "icon"=>""}, "commit"=>"Submit"}
  [1m[36mUser Load (0.3ms)[0m  [1m[34mSELECT "users".* FROM "users" WHERE "users"."id" = $1 ORDER BY "users"."id" ASC LIMIT $2[0m  [["id", 2], ["LIMIT", 1]]
  [1m[36mTRANSACTION (0.2ms)[0m  [1m[35mBEGIN[0m
  ↳ app/controllers/groups_controller.rb:17:in `create'
  [1m[36mUser Load (3.5ms)[0m  [1m[34mSELECT "users".* FROM "users" WHERE "users"."id" = $1 LIMIT $2[0m  [["id", 2], ["LIMIT", 1]]
  ↳ app/controllers/groups_controller.rb:17:in `create'
  [1m[36mTRANSACTION (4.1ms)[0m  [1m[31mROLLBACK[0m
  ↳ app/controllers/groups_controller.rb:17:in `create'
  Rendering layout layouts/application.html.erb
  Rendering groups/new.html.erb within layouts/application
  Rendered groups/new.html.erb within layouts/application (Duration: 1.9ms | Allocations: 1138)
  Rendered layout layouts/application.html.erb (Duration: 4.4ms | Allocations: 2105)
Completed 422 Unprocessable Entity in 28ms (Views: 5.1ms | ActiveRecord: 8.1ms | Allocations: 6893)


Started POST "/groups" for ::1 at 2023-02-25 20:50:28 +0200
Processing by GroupsController#create as HTML
  Parameters: {"authenticity_token"=>"[FILTERED]", "group"=>{"name"=>"", "icon"=>""}, "commit"=>"Submit"}
  [1m[36mUser Load (0.3ms)[0m  [1m[34mSELECT "users".* FROM "users" WHERE "users"."id" = $1 ORDER BY "users"."id" ASC LIMIT $2[0m  [["id", 2], ["LIMIT", 1]]
  [1m[36mTRANSACTION (0.2ms)[0m  [1m[35mBEGIN[0m
  ↳ app/controllers/groups_controller.rb:17:in `create'
  [1m[36mUser Load (3.1ms)[0m  [1m[34mSELECT "users".* FROM "users" WHERE "users"."id" = $1 LIMIT $2[0m  [["id", 2], ["LIMIT", 1]]
  ↳ app/controllers/groups_controller.rb:17:in `create'
  [1m[36mTRANSACTION (3.8ms)[0m  [1m[31mROLLBACK[0m
  ↳ app/controllers/groups_controller.rb:17:in `create'
  Rendering layout layouts/application.html.erb
  Rendering groups/new.html.erb within layouts/application
  Rendered groups/new.html.erb within layouts/application (Duration: 1.9ms | Allocations: 1138)
  Rendered layout layouts/application.html.erb (Duration: 5.7ms | Allocations: 2103)
Completed 422 Unprocessable Entity in 27ms (Views: 6.3ms | ActiveRecord: 7.3ms | Allocations: 6912)


Started POST "/groups" for ::1 at 2023-02-25 20:50:28 +0200
Processing by GroupsController#create as HTML
  Parameters: {"authenticity_token"=>"[FILTERED]", "group"=>{"name"=>"", "icon"=>""}, "commit"=>"Submit"}
  [1m[36mUser Load (0.4ms)[0m  [1m[34mSELECT "users".* FROM "users" WHERE "users"."id" = $1 ORDER BY "users"."id" ASC LIMIT $2[0m  [["id", 2], ["LIMIT", 1]]
  [1m[36mTRANSACTION (0.2ms)[0m  [1m[35mBEGIN[0m
  ↳ app/controllers/groups_controller.rb:17:in `create'
  [1m[36mUser Load (0.3ms)[0m  [1m[34mSELECT "users".* FROM "users" WHERE "users"."id" = $1 LIMIT $2[0m  [["id", 2], ["LIMIT", 1]]
  ↳ app/controllers/groups_controller.rb:17:in `create'
  [1m[36mTRANSACTION (0.2ms)[0m  [1m[31mROLLBACK[0m
  ↳ app/controllers/groups_controller.rb:17:in `create'
  Rendering layout layouts/application.html.erb
  Rendering groups/new.html.erb within layouts/application
  Rendered groups/new.html.erb within layouts/application (Duration: 3.6ms | Allocations: 1138)
  Rendered layout layouts/application.html.erb (Duration: 8.1ms | Allocations: 2102)
Completed 422 Unprocessable Entity in 38ms (Views: 11.8ms | ActiveRecord: 1.1ms | Allocations: 6920)


Started POST "/groups" for ::1 at 2023-02-25 20:50:36 +0200
Processing by GroupsController#create as HTML
  Parameters: {"authenticity_token"=>"[FILTERED]", "group"=>{"name"=>"", "icon"=>""}, "commit"=>"Submit"}
  [1m[36mUser Load (0.6ms)[0m  [1m[34mSELECT "users".* FROM "users" WHERE "users"."id" = $1 ORDER BY "users"."id" ASC LIMIT $2[0m  [["id", 2], ["LIMIT", 1]]
  [1m[36mTRANSACTION (0.2ms)[0m  [1m[35mBEGIN[0m
  ↳ app/controllers/groups_controller.rb:17:in `create'
  [1m[36mUser Load (3.3ms)[0m  [1m[34mSELECT "users".* FROM "users" WHERE "users"."id" = $1 LIMIT $2[0m  [["id", 2], ["LIMIT", 1]]
  ↳ app/controllers/groups_controller.rb:17:in `create'
  [1m[36mTRANSACTION (3.1ms)[0m  [1m[31mROLLBACK[0m
  ↳ app/controllers/groups_controller.rb:17:in `create'
  Rendering layout layouts/application.html.erb
  Rendering groups/new.html.erb within layouts/application
  Rendered groups/new.html.erb within layouts/application (Duration: 2.8ms | Allocations: 1138)
  Rendered layout layouts/application.html.erb (Duration: 4.8ms | Allocations: 2102)
Completed 422 Unprocessable Entity in 25ms (Views: 5.6ms | ActiveRecord: 7.2ms | Allocations: 6920)


Started POST "/groups" for ::1 at 2023-02-25 20:50:36 +0200
Processing by GroupsController#create as HTML
  Parameters: {"authenticity_token"=>"[FILTERED]", "group"=>{"name"=>"", "icon"=>""}, "commit"=>"Submit"}
  [1m[36mUser Load (2.0ms)[0m  [1m[34mSELECT "users".* FROM "users" WHERE "users"."id" = $1 ORDER BY "users"."id" ASC LIMIT $2[0m  [["id", 2], ["LIMIT", 1]]
  [1m[36mTRANSACTION (0.2ms)[0m  [1m[35mBEGIN[0m
  ↳ app/controllers/groups_controller.rb:17:in `create'
  [1m[36mUser Load (3.1ms)[0m  [1m[34mSELECT "users".* FROM "users" WHERE "users"."id" = $1 LIMIT $2[0m  [["id", 2], ["LIMIT", 1]]
  ↳ app/controllers/groups_controller.rb:17:in `create'
  [1m[36mTRANSACTION (3.0ms)[0m  [1m[31mROLLBACK[0m
  ↳ app/controllers/groups_controller.rb:17:in `create'
  Rendering layout layouts/application.html.erb
  Rendering groups/new.html.erb within layouts/application
  Rendered groups/new.html.erb within layouts/application (Duration: 2.6ms | Allocations: 1138)
  Rendered layout layouts/application.html.erb (Duration: 4.4ms | Allocations: 2102)
Completed 422 Unprocessable Entity in 25ms (Views: 5.0ms | ActiveRecord: 8.3ms | Allocations: 6911)


Started POST "/groups" for ::1 at 2023-02-25 20:50:37 +0200
Processing by GroupsController#create as HTML
  Parameters: {"authenticity_token"=>"[FILTERED]", "group"=>{"name"=>"", "icon"=>""}, "commit"=>"Submit"}
  [1m[36mUser Load (0.4ms)[0m  [1m[34mSELECT "users".* FROM "users" WHERE "users"."id" = $1 ORDER BY "users"."id" ASC LIMIT $2[0m  [["id", 2], ["LIMIT", 1]]
  [1m[36mTRANSACTION (4.0ms)[0m  [1m[35mBEGIN[0m
  ↳ app/controllers/groups_controller.rb:17:in `create'
  [1m[36mUser Load (3.5ms)[0m  [1m[34mSELECT "users".* FROM "users" WHERE "users"."id" = $1 LIMIT $2[0m  [["id", 2], ["LIMIT", 1]]
  ↳ app/controllers/groups_controller.rb:17:in `create'
  [1m[36mTRANSACTION (6.5ms)[0m  [1m[31mROLLBACK[0m
  ↳ app/controllers/groups_controller.rb:17:in `create'
  Rendering layout layouts/application.html.erb
  Rendering groups/new.html.erb within layouts/application
  Rendered groups/new.html.erb within layouts/application (Duration: 2.3ms | Allocations: 1138)
  Rendered layout layouts/application.html.erb (Duration: 6.3ms | Allocations: 2102)
Completed 422 Unprocessable Entity in 36ms (Views: 6.9ms | ActiveRecord: 14.5ms | Allocations: 6905)


Started POST "/groups" for ::1 at 2023-02-25 20:50:37 +0200
Processing by GroupsController#create as HTML
  Parameters: {"authenticity_token"=>"[FILTERED]", "group"=>{"name"=>"", "icon"=>""}, "commit"=>"Submit"}
  [1m[36mUser Load (0.5ms)[0m  [1m[34mSELECT "users".* FROM "users" WHERE "users"."id" = $1 ORDER BY "users"."id" ASC LIMIT $2[0m  [["id", 2], ["LIMIT", 1]]
  [1m[36mTRANSACTION (1.4ms)[0m  [1m[35mBEGIN[0m
  ↳ app/controllers/groups_controller.rb:17:in `create'
  [1m[36mUser Load (2.1ms)[0m  [1m[34mSELECT "users".* FROM "users" WHERE "users"."id" = $1 LIMIT $2[0m  [["id", 2], ["LIMIT", 1]]
  ↳ app/controllers/groups_controller.rb:17:in `create'
  [1m[36mTRANSACTION (0.3ms)[0m  [1m[31mROLLBACK[0m
  ↳ app/controllers/groups_controller.rb:17:in `create'
  Rendering layout layouts/application.html.erb
  Rendering groups/new.html.erb within layouts/application
  Rendered groups/new.html.erb within layouts/application (Duration: 3.4ms | Allocations: 1138)
  Rendered layout layouts/application.html.erb (Duration: 7.3ms | Allocations: 2109)
Completed 422 Unprocessable Entity in 52ms (Views: 12.4ms | ActiveRecord: 4.3ms | Allocations: 6936)


Started POST "/groups" for ::1 at 2023-02-25 20:50:38 +0200
Processing by GroupsController#create as HTML
  Parameters: {"authenticity_token"=>"[FILTERED]", "group"=>{"name"=>"", "icon"=>""}, "commit"=>"Submit"}
  [1m[36mUser Load (0.2ms)[0m  [1m[34mSELECT "users".* FROM "users" WHERE "users"."id" = $1 ORDER BY "users"."id" ASC LIMIT $2[0m  [["id", 2], ["LIMIT", 1]]
  [1m[36mTRANSACTION (0.3ms)[0m  [1m[35mBEGIN[0m
  ↳ app/controllers/groups_controller.rb:17:in `create'
  [1m[36mUser Load (2.7ms)[0m  [1m[34mSELECT "users".* FROM "users" WHERE "users"."id" = $1 LIMIT $2[0m  [["id", 2], ["LIMIT", 1]]
  ↳ app/controllers/groups_controller.rb:17:in `create'
  [1m[36mTRANSACTION (3.3ms)[0m  [1m[31mROLLBACK[0m
  ↳ app/controllers/groups_controller.rb:17:in `create'
  Rendering layout layouts/application.html.erb
  Rendering groups/new.html.erb within layouts/application
  Rendered groups/new.html.erb within layouts/application (Duration: 2.9ms | Allocations: 1138)
  Rendered layout layouts/application.html.erb (Duration: 4.9ms | Allocations: 2109)
Completed 422 Unprocessable Entity in 26ms (Views: 5.5ms | ActiveRecord: 6.5ms | Allocations: 6902)


Started POST "/groups" for ::1 at 2023-02-25 20:50:39 +0200
Processing by GroupsController#create as HTML
  Parameters: {"authenticity_token"=>"[FILTERED]", "group"=>{"name"=>"", "icon"=>""}, "commit"=>"Submit"}
  [1m[36mUser Load (1.7ms)[0m  [1m[34mSELECT "users".* FROM "users" WHERE "users"."id" = $1 ORDER BY "users"."id" ASC LIMIT $2[0m  [["id", 2], ["LIMIT", 1]]
  [1m[36mTRANSACTION (0.2ms)[0m  [1m[35mBEGIN[0m
  ↳ app/controllers/groups_controller.rb:17:in `create'
  [1m[36mUser Load (3.4ms)[0m  [1m[34mSELECT "users".* FROM "users" WHERE "users"."id" = $1 LIMIT $2[0m  [["id", 2], ["LIMIT", 1]]
  ↳ app/controllers/groups_controller.rb:17:in `create'
  [1m[36mTRANSACTION (1.1ms)[0m  [1m[31mROLLBACK[0m
  ↳ app/controllers/groups_controller.rb:17:in `create'
  Rendering layout layouts/application.html.erb
  Rendering groups/new.html.erb within layouts/application
  Rendered groups/new.html.erb within layouts/application (Duration: 2.7ms | Allocations: 1138)
  Rendered layout layouts/application.html.erb (Duration: 4.6ms | Allocations: 2102)
Completed 422 Unprocessable Entity in 23ms (Views: 5.2ms | ActiveRecord: 6.3ms | Allocations: 6914)


Started POST "/groups" for ::1 at 2023-02-25 20:50:40 +0200
Processing by GroupsController#create as HTML
  Parameters: {"authenticity_token"=>"[FILTERED]", "group"=>{"name"=>"", "icon"=>""}, "commit"=>"Submit"}
  [1m[36mUser Load (1.6ms)[0m  [1m[34mSELECT "users".* FROM "users" WHERE "users"."id" = $1 ORDER BY "users"."id" ASC LIMIT $2[0m  [["id", 2], ["LIMIT", 1]]
  [1m[36mTRANSACTION (1.5ms)[0m  [1m[35mBEGIN[0m
  ↳ app/controllers/groups_controller.rb:17:in `create'
  [1m[36mUser Load (3.8ms)[0m  [1m[34mSELECT "users".* FROM "users" WHERE "users"."id" = $1 LIMIT $2[0m  [["id", 2], ["LIMIT", 1]]
  ↳ app/controllers/groups_controller.rb:17:in `create'
  [1m[36mTRANSACTION (1.7ms)[0m  [1m[31mROLLBACK[0m
  ↳ app/controllers/groups_controller.rb:17:in `create'
  Rendering layout layouts/application.html.erb
  Rendering groups/new.html.erb within layouts/application
  Rendered groups/new.html.erb within layouts/application (Duration: 2.7ms | Allocations: 1138)
  Rendered layout layouts/application.html.erb (Duration: 4.8ms | Allocations: 2106)
Completed 422 Unprocessable Entity in 30ms (Views: 5.8ms | ActiveRecord: 8.5ms | Allocations: 6904)


Started POST "/groups" for ::1 at 2023-02-25 20:50:41 +0200
Processing by GroupsController#create as HTML
  Parameters: {"authenticity_token"=>"[FILTERED]", "group"=>{"name"=>"", "icon"=>""}, "commit"=>"Submit"}
  [1m[36mUser Load (0.3ms)[0m  [1m[34mSELECT "users".* FROM "users" WHERE "users"."id" = $1 ORDER BY "users"."id" ASC LIMIT $2[0m  [["id", 2], ["LIMIT", 1]]
  [1m[36mTRANSACTION (0.7ms)[0m  [1m[35mBEGIN[0m
  ↳ app/controllers/groups_controller.rb:17:in `create'
  [1m[36mUser Load (3.3ms)[0m  [1m[34mSELECT "users".* FROM "users" WHERE "users"."id" = $1 LIMIT $2[0m  [["id", 2], ["LIMIT", 1]]
  ↳ app/controllers/groups_controller.rb:17:in `create'
  [1m[36mTRANSACTION (3.7ms)[0m  [1m[31mROLLBACK[0m
  ↳ app/controllers/groups_controller.rb:17:in `create'
  Rendering layout layouts/application.html.erb
  Rendering groups/new.html.erb within layouts/application
  Rendered groups/new.html.erb within layouts/application (Duration: 2.5ms | Allocations: 1138)
  Rendered layout layouts/application.html.erb (Duration: 4.3ms | Allocations: 2102)
Completed 422 Unprocessable Entity in 27ms (Views: 4.9ms | ActiveRecord: 8.0ms | Allocations: 6902)


Started GET "/groups" for ::1 at 2023-02-25 20:50:43 +0200
Processing by GroupsController#index as HTML
  [1m[36mUser Load (0.7ms)[0m  [1m[34mSELECT "users".* FROM "users" WHERE "users"."id" = $1 ORDER BY "users"."id" ASC LIMIT $2[0m  [["id", 2], ["LIMIT", 1]]
  Rendering layout layouts/application.html.erb
  Rendering groups/index.html.erb within layouts/application
  [1m[36mGroup Exists? (3.9ms)[0m  [1m[34mSELECT 1 AS one FROM "groups" WHERE "groups"."user_id" = $1 LIMIT $2[0m  [["user_id", 2], ["LIMIT", 1]]
  ↳ app/views/groups/_home_page.html.erb:9
  Rendered groups/_home_page.html.erb (Duration: 5.8ms | Allocations: 753)
  Rendered groups/index.html.erb within layouts/application (Duration: 6.1ms | Allocations: 840)
  Rendered layout layouts/application.html.erb (Duration: 8.4ms | Allocations: 1814)
Completed 200 OK in 20ms (Views: 5.1ms | ActiveRecord: 4.6ms | Allocations: 4047)


Started GET "/groups/new" for ::1 at 2023-02-25 20:50:45 +0200
Processing by GroupsController#new as HTML
  [1m[36mUser Load (0.3ms)[0m  [1m[34mSELECT "users".* FROM "users" WHERE "users"."id" = $1 ORDER BY "users"."id" ASC LIMIT $2[0m  [["id", 2], ["LIMIT", 1]]
  Rendering layout layouts/application.html.erb
  Rendering groups/new.html.erb within layouts/application
  Rendered groups/new.html.erb within layouts/application (Duration: 1.3ms | Allocations: 560)
  Rendered layout layouts/application.html.erb (Duration: 3.3ms | Allocations: 1534)
Completed 200 OK in 11ms (Views: 3.9ms | ActiveRecord: 0.3ms | Allocations: 3628)


Started POST "/groups" for ::1 at 2023-02-25 20:50:47 +0200
Processing by GroupsController#create as HTML
  Parameters: {"authenticity_token"=>"[FILTERED]", "group"=>{"name"=>"", "icon"=>""}, "commit"=>"Submit"}
  [1m[36mUser Load (0.2ms)[0m  [1m[34mSELECT "users".* FROM "users" WHERE "users"."id" = $1 ORDER BY "users"."id" ASC LIMIT $2[0m  [["id", 2], ["LIMIT", 1]]
  [1m[36mTRANSACTION (0.2ms)[0m  [1m[35mBEGIN[0m
  ↳ app/controllers/groups_controller.rb:17:in `create'
  [1m[36mUser Load (6.9ms)[0m  [1m[34mSELECT "users".* FROM "users" WHERE "users"."id" = $1 LIMIT $2[0m  [["id", 2], ["LIMIT", 1]]
  ↳ app/controllers/groups_controller.rb:17:in `create'
  [1m[36mTRANSACTION (1.0ms)[0m  [1m[31mROLLBACK[0m
  ↳ app/controllers/groups_controller.rb:17:in `create'
  Rendering layout layouts/application.html.erb
  Rendering groups/new.html.erb within layouts/application
  Rendered groups/new.html.erb within layouts/application (Duration: 2.6ms | Allocations: 1138)
  Rendered layout layouts/application.html.erb (Duration: 4.4ms | Allocations: 2105)
Completed 422 Unprocessable Entity in 25ms (Views: 5.1ms | ActiveRecord: 8.3ms | Allocations: 6912)


Started POST "/groups" for ::1 at 2023-02-25 20:50:50 +0200
Processing by GroupsController#create as HTML
  Parameters: {"authenticity_token"=>"[FILTERED]", "group"=>{"name"=>"", "icon"=>""}, "commit"=>"Submit"}
  [1m[36mUser Load (0.2ms)[0m  [1m[34mSELECT "users".* FROM "users" WHERE "users"."id" = $1 ORDER BY "users"."id" ASC LIMIT $2[0m  [["id", 2], ["LIMIT", 1]]
  [1m[36mTRANSACTION (0.2ms)[0m  [1m[35mBEGIN[0m
  ↳ app/controllers/groups_controller.rb:17:in `create'
  [1m[36mUser Load (2.9ms)[0m  [1m[34mSELECT "users".* FROM "users" WHERE "users"."id" = $1 LIMIT $2[0m  [["id", 2], ["LIMIT", 1]]
  ↳ app/controllers/groups_controller.rb:17:in `create'
  [1m[36mTRANSACTION (8.1ms)[0m  [1m[31mROLLBACK[0m
  ↳ app/controllers/groups_controller.rb:17:in `create'
  Rendering layout layouts/application.html.erb
  Rendering groups/new.html.erb within layouts/application
  Rendered groups/new.html.erb within layouts/application (Duration: 2.2ms | Allocations: 1138)
  Rendered layout layouts/application.html.erb (Duration: 4.2ms | Allocations: 2104)
Completed 422 Unprocessable Entity in 31ms (Views: 4.8ms | ActiveRecord: 11.4ms | Allocations: 6916)


Started POST "/groups" for ::1 at 2023-02-25 20:50:57 +0200
Processing by GroupsController#create as HTML
  Parameters: {"authenticity_token"=>"[FILTERED]", "group"=>{"name"=>"hjkjhkhkl", "icon"=>"nmbjkjjkjl"}, "commit"=>"Submit"}
  [1m[36mUser Load (0.2ms)[0m  [1m[34mSELECT "users".* FROM "users" WHERE "users"."id" = $1 ORDER BY "users"."id" ASC LIMIT $2[0m  [["id", 2], ["LIMIT", 1]]
  [1m[36mTRANSACTION (0.2ms)[0m  [1m[35mBEGIN[0m
  ↳ app/controllers/groups_controller.rb:17:in `create'
  [1m[36mUser Load (4.9ms)[0m  [1m[34mSELECT "users".* FROM "users" WHERE "users"."id" = $1 LIMIT $2[0m  [["id", 2], ["LIMIT", 1]]
  ↳ app/controllers/groups_controller.rb:17:in `create'
  [1m[36mGroup Create (6.8ms)[0m  [1m[32mINSERT INTO "groups" ("name", "icon", "user_id", "created_at", "updated_at") VALUES ($1, $2, $3, $4, $5) RETURNING "id"[0m  [["name", "hjkjhkhkl"], ["icon", "nmbjkjjkjl"], ["user_id", 2], ["created_at", "2023-02-25 18:50:57.378152"], ["updated_at", "2023-02-25 18:50:57.378152"]]
  ↳ app/controllers/groups_controller.rb:17:in `create'
  [1m[36mTRANSACTION (4.0ms)[0m  [1m[35mCOMMIT[0m
  ↳ app/controllers/groups_controller.rb:17:in `create'
Redirected to http://localhost:3000/groups
Completed 302 Found in 32ms (ActiveRecord: 16.1ms | Allocations: 5173)


Started GET "/groups" for ::1 at 2023-02-25 20:50:57 +0200
Processing by GroupsController#index as HTML
  [1m[36mUser Load (0.2ms)[0m  [1m[34mSELECT "users".* FROM "users" WHERE "users"."id" = $1 ORDER BY "users"."id" ASC LIMIT $2[0m  [["id", 2], ["LIMIT", 1]]
  Rendering layout layouts/application.html.erb
  Rendering groups/index.html.erb within layouts/application
  [1m[36mGroup Exists? (57.2ms)[0m  [1m[34mSELECT 1 AS one FROM "groups" WHERE "groups"."user_id" = $1 LIMIT $2[0m  [["user_id", 2], ["LIMIT", 1]]
  ↳ app/views/groups/_home_page.html.erb:9
  [1m[36mGroup Load (75.1ms)[0m  [1m[34mSELECT "groups".* FROM "groups" WHERE "groups"."user_id" = $1 ORDER BY "groups"."created_at" DESC[0m  [["user_id", 2]]
  ↳ app/views/groups/_home_page.html.erb:12
  [1m[36mEntity Sum (2.6ms)[0m  [1m[34mSELECT SUM("entities"."amount") FROM "entities" WHERE "entities"."group_id" = $1[0m  [["group_id", 1]]
  ↳ app/views/groups/_home_page.html.erb:20
  Rendered groups/_home_page.html.erb (Duration: 257.5ms | Allocations: 2910)
  Rendered groups/index.html.erb within layouts/application (Duration: 267.5ms | Allocations: 2993)
  Rendered layout layouts/application.html.erb (Duration: 339.9ms | Allocations: 3971)
Completed 200 OK in 446ms (Views: 292.2ms | ActiveRecord: 139.7ms | Allocations: 6206)


Started GET "/nmbjkjjkjl" for ::1 at 2023-02-25 20:50:57 +0200
  
ActionController::RoutingError (No route matches [GET] "/nmbjkjjkjl"):
  
Started GET "/groups/new" for ::1 at 2023-02-25 20:51:06 +0200
Processing by GroupsController#new as HTML
  [1m[36mUser Load (0.2ms)[0m  [1m[34mSELECT "users".* FROM "users" WHERE "users"."id" = $1 ORDER BY "users"."id" ASC LIMIT $2[0m  [["id", 2], ["LIMIT", 1]]
  Rendering layout layouts/application.html.erb
  Rendering groups/new.html.erb within layouts/application
  Rendered groups/new.html.erb within layouts/application (Duration: 1.0ms | Allocations: 560)
  Rendered layout layouts/application.html.erb (Duration: 3.2ms | Allocations: 1541)
Completed 200 OK in 11ms (Views: 3.8ms | ActiveRecord: 0.2ms | Allocations: 3678)


Started POST "/groups" for ::1 at 2023-02-25 20:51:16 +0200
Processing by GroupsController#create as HTML
  Parameters: {"authenticity_token"=>"[FILTERED]", "group"=>{"name"=>"mac", "icon"=>"donald"}, "commit"=>"Submit"}
  [1m[36mUser Load (0.2ms)[0m  [1m[34mSELECT "users".* FROM "users" WHERE "users"."id" = $1 ORDER BY "users"."id" ASC LIMIT $2[0m  [["id", 2], ["LIMIT", 1]]
  [1m[36mTRANSACTION (0.2ms)[0m  [1m[35mBEGIN[0m
  ↳ app/controllers/groups_controller.rb:17:in `create'
  [1m[36mUser Load (6.0ms)[0m  [1m[34mSELECT "users".* FROM "users" WHERE "users"."id" = $1 LIMIT $2[0m  [["id", 2], ["LIMIT", 1]]
  ↳ app/controllers/groups_controller.rb:17:in `create'
  [1m[36mGroup Create (2.6ms)[0m  [1m[32mINSERT INTO "groups" ("name", "icon", "user_id", "created_at", "updated_at") VALUES ($1, $2, $3, $4, $5) RETURNING "id"[0m  [["name", "mac"], ["icon", "donald"], ["user_id", 2], ["created_at", "2023-02-25 18:51:16.897477"], ["updated_at", "2023-02-25 18:51:16.897477"]]
  ↳ app/controllers/groups_controller.rb:17:in `create'
  [1m[36mTRANSACTION (3.9ms)[0m  [1m[35mCOMMIT[0m
  ↳ app/controllers/groups_controller.rb:17:in `create'
Redirected to http://localhost:3000/groups
Completed 302 Found in 29ms (ActiveRecord: 12.9ms | Allocations: 4952)


Started GET "/groups" for ::1 at 2023-02-25 20:51:16 +0200
Processing by GroupsController#index as HTML
  [1m[36mUser Load (0.2ms)[0m  [1m[34mSELECT "users".* FROM "users" WHERE "users"."id" = $1 ORDER BY "users"."id" ASC LIMIT $2[0m  [["id", 2], ["LIMIT", 1]]
  Rendering layout layouts/application.html.erb
  Rendering groups/index.html.erb within layouts/application
  [1m[36mGroup Exists? (0.3ms)[0m  [1m[34mSELECT 1 AS one FROM "groups" WHERE "groups"."user_id" = $1 LIMIT $2[0m  [["user_id", 2], ["LIMIT", 1]]
  ↳ app/views/groups/_home_page.html.erb:9
  [1m[36mGroup Load (0.3ms)[0m  [1m[34mSELECT "groups".* FROM "groups" WHERE "groups"."user_id" = $1 ORDER BY "groups"."created_at" DESC[0m  [["user_id", 2]]
  ↳ app/views/groups/_home_page.html.erb:12
  [1m[36mEntity Sum (0.9ms)[0m  [1m[34mSELECT SUM("entities"."amount") FROM "entities" WHERE "entities"."group_id" = $1[0m  [["group_id", 2]]
  ↳ app/views/groups/_home_page.html.erb:20
  [1m[36mEntity Sum (0.3ms)[0m  [1m[34mSELECT SUM("entities"."amount") FROM "entities" WHERE "entities"."group_id" = $1[0m  [["group_id", 1]]
  ↳ app/views/groups/_home_page.html.erb:20
  Rendered groups/_home_page.html.erb (Duration: 21.8ms | Allocations: 2683)
  Rendered groups/index.html.erb within layouts/application (Duration: 24.8ms | Allocations: 2766)
  Rendered layout layouts/application.html.erb (Duration: 30.6ms | Allocations: 3745)
Completed 200 OK in 41ms (Views: 29.6ms | ActiveRecord: 2.1ms | Allocations: 5977)


Started GET "/nmbjkjjkjl" for ::1 at 2023-02-25 20:51:17 +0200
  
ActionController::RoutingError (No route matches [GET] "/nmbjkjjkjl"):
  
Started GET "/donald" for ::1 at 2023-02-25 20:51:17 +0200
  
ActionController::RoutingError (No route matches [GET] "/donald"):
  
Started GET "/groups/new" for ::1 at 2023-02-25 20:51:22 +0200
Processing by GroupsController#new as HTML
  [1m[36mUser Load (0.2ms)[0m  [1m[34mSELECT "users".* FROM "users" WHERE "users"."id" = $1 ORDER BY "users"."id" ASC LIMIT $2[0m  [["id", 2], ["LIMIT", 1]]
  Rendering layout layouts/application.html.erb
  Rendering groups/new.html.erb within layouts/application
  Rendered groups/new.html.erb within layouts/application (Duration: 0.9ms | Allocations: 560)
  Rendered layout layouts/application.html.erb (Duration: 3.2ms | Allocations: 1541)
Completed 200 OK in 12ms (Views: 3.9ms | ActiveRecord: 0.2ms | Allocations: 3639)


Started POST "/groups" for ::1 at 2023-02-25 20:51:24 +0200
Processing by GroupsController#create as HTML
  Parameters: {"authenticity_token"=>"[FILTERED]", "group"=>{"name"=>"", "icon"=>""}, "commit"=>"Submit"}
  [1m[36mUser Load (0.2ms)[0m  [1m[34mSELECT "users".* FROM "users" WHERE "users"."id" = $1 ORDER BY "users"."id" ASC LIMIT $2[0m  [["id", 2], ["LIMIT", 1]]
  [1m[36mTRANSACTION (0.5ms)[0m  [1m[35mBEGIN[0m
  ↳ app/controllers/groups_controller.rb:17:in `create'
  [1m[36mUser Load (2.9ms)[0m  [1m[34mSELECT "users".* FROM "users" WHERE "users"."id" = $1 LIMIT $2[0m  [["id", 2], ["LIMIT", 1]]
  ↳ app/controllers/groups_controller.rb:17:in `create'
  [1m[36mTRANSACTION (2.8ms)[0m  [1m[31mROLLBACK[0m
  ↳ app/controllers/groups_controller.rb:17:in `create'
  Rendering layout layouts/application.html.erb
  Rendering groups/new.html.erb within layouts/application
  Rendered groups/new.html.erb within layouts/application (Duration: 2.0ms | Allocations: 1138)
  Rendered layout layouts/application.html.erb (Duration: 4.4ms | Allocations: 2103)
Completed 422 Unprocessable Entity in 24ms (Views: 5.1ms | ActiveRecord: 6.3ms | Allocations: 6922)


Started POST "/groups" for ::1 at 2023-02-25 20:51:25 +0200
Processing by GroupsController#create as HTML
  Parameters: {"authenticity_token"=>"[FILTERED]", "group"=>{"name"=>"", "icon"=>""}, "commit"=>"Submit"}
  [1m[36mUser Load (0.2ms)[0m  [1m[34mSELECT "users".* FROM "users" WHERE "users"."id" = $1 ORDER BY "users"."id" ASC LIMIT $2[0m  [["id", 2], ["LIMIT", 1]]
  [1m[36mTRANSACTION (0.9ms)[0m  [1m[35mBEGIN[0m
  ↳ app/controllers/groups_controller.rb:17:in `create'
  [1m[36mUser Load (2.8ms)[0m  [1m[34mSELECT "users".* FROM "users" WHERE "users"."id" = $1 LIMIT $2[0m  [["id", 2], ["LIMIT", 1]]
  ↳ app/controllers/groups_controller.rb:17:in `create'
  [1m[36mTRANSACTION (2.3ms)[0m  [1m[31mROLLBACK[0m
  ↳ app/controllers/groups_controller.rb:17:in `create'
  Rendering layout layouts/application.html.erb
  Rendering groups/new.html.erb within layouts/application
  Rendered groups/new.html.erb within layouts/application (Duration: 2.0ms | Allocations: 1138)
  Rendered layout layouts/application.html.erb (Duration: 4.6ms | Allocations: 2106)
Completed 422 Unprocessable Entity in 25ms (Views: 5.3ms | ActiveRecord: 6.2ms | Allocations: 6928)


Started POST "/groups" for ::1 at 2023-02-25 20:51:25 +0200
Processing by GroupsController#create as HTML
  Parameters: {"authenticity_token"=>"[FILTERED]", "group"=>{"name"=>"", "icon"=>""}, "commit"=>"Submit"}
  [1m[36mUser Load (0.2ms)[0m  [1m[34mSELECT "users".* FROM "users" WHERE "users"."id" = $1 ORDER BY "users"."id" ASC LIMIT $2[0m  [["id", 2], ["LIMIT", 1]]
  [1m[36mTRANSACTION (0.7ms)[0m  [1m[35mBEGIN[0m
  ↳ app/controllers/groups_controller.rb:17:in `create'
  [1m[36mUser Load (0.7ms)[0m  [1m[34mSELECT "users".* FROM "users" WHERE "users"."id" = $1 LIMIT $2[0m  [["id", 2], ["LIMIT", 1]]
  ↳ app/controllers/groups_controller.rb:17:in `create'
  [1m[36mTRANSACTION (0.3ms)[0m  [1m[31mROLLBACK[0m
  ↳ app/controllers/groups_controller.rb:17:in `create'
  Rendering layout layouts/application.html.erb
  Rendering groups/new.html.erb within layouts/application
  Rendered groups/new.html.erb within layouts/application (Duration: 1.9ms | Allocations: 1138)
  Rendered layout layouts/application.html.erb (Duration: 4.7ms | Allocations: 2102)
Completed 422 Unprocessable Entity in 22ms (Views: 5.4ms | ActiveRecord: 1.9ms | Allocations: 6902)


Started POST "/groups" for ::1 at 2023-02-25 20:51:25 +0200
Processing by GroupsController#create as HTML
  Parameters: {"authenticity_token"=>"[FILTERED]", "group"=>{"name"=>"", "icon"=>""}, "commit"=>"Submit"}
  [1m[36mUser Load (0.7ms)[0m  [1m[34mSELECT "users".* FROM "users" WHERE "users"."id" = $1 ORDER BY "users"."id" ASC LIMIT $2[0m  [["id", 2], ["LIMIT", 1]]
  [1m[36mTRANSACTION (19.3ms)[0m  [1m[35mBEGIN[0m
  ↳ app/controllers/groups_controller.rb:17:in `create'
  [1m[36mUser Load (2.5ms)[0m  [1m[34mSELECT "users".* FROM "users" WHERE "users"."id" = $1 LIMIT $2[0m  [["id", 2], ["LIMIT", 1]]
  ↳ app/controllers/groups_controller.rb:17:in `create'
  [1m[36mTRANSACTION (2.4ms)[0m  [1m[31mROLLBACK[0m
  ↳ app/controllers/groups_controller.rb:17:in `create'
  Rendering layout layouts/application.html.erb
  Rendering groups/new.html.erb within layouts/application
  Rendered groups/new.html.erb within layouts/application (Duration: 2.0ms | Allocations: 1138)
  Rendered layout layouts/application.html.erb (Duration: 4.6ms | Allocations: 2102)
Completed 422 Unprocessable Entity in 117ms (Views: 5.3ms | ActiveRecord: 25.0ms | Allocations: 6903)


Started POST "/groups" for ::1 at 2023-02-25 20:51:26 +0200
Processing by GroupsController#create as HTML
  Parameters: {"authenticity_token"=>"[FILTERED]", "group"=>{"name"=>"", "icon"=>""}, "commit"=>"Submit"}
  [1m[36mUser Load (1.5ms)[0m  [1m[34mSELECT "users".* FROM "users" WHERE "users"."id" = $1 ORDER BY "users"."id" ASC LIMIT $2[0m  [["id", 2], ["LIMIT", 1]]
  [1m[36mTRANSACTION (0.6ms)[0m  [1m[35mBEGIN[0m
  ↳ app/controllers/groups_controller.rb:17:in `create'
  [1m[36mUser Load (3.1ms)[0m  [1m[34mSELECT "users".* FROM "users" WHERE "users"."id" = $1 LIMIT $2[0m  [["id", 2], ["LIMIT", 1]]
  ↳ app/controllers/groups_controller.rb:17:in `create'
  [1m[36mTRANSACTION (1.1ms)[0m  [1m[31mROLLBACK[0m
  ↳ app/controllers/groups_controller.rb:17:in `create'
  Rendering layout layouts/application.html.erb
  Rendering groups/new.html.erb within layouts/application
  Rendered groups/new.html.erb within layouts/application (Duration: 1.7ms | Allocations: 1138)
  Rendered layout layouts/application.html.erb (Duration: 4.2ms | Allocations: 2102)
Completed 422 Unprocessable Entity in 22ms (Views: 4.8ms | ActiveRecord: 6.2ms | Allocations: 6899)


Started GET "/groups" for ::1 at 2023-02-25 20:51:28 +0200
Processing by GroupsController#index as HTML
  [1m[36mUser Load (0.2ms)[0m  [1m[34mSELECT "users".* FROM "users" WHERE "users"."id" = $1 ORDER BY "users"."id" ASC LIMIT $2[0m  [["id", 2], ["LIMIT", 1]]
  Rendering layout layouts/application.html.erb
  Rendering groups/index.html.erb within layouts/application
  [1m[36mGroup Exists? (3.5ms)[0m  [1m[34mSELECT 1 AS one FROM "groups" WHERE "groups"."user_id" = $1 LIMIT $2[0m  [["user_id", 2], ["LIMIT", 1]]
  ↳ app/views/groups/_home_page.html.erb:9
  [1m[36mGroup Load (4.2ms)[0m  [1m[34mSELECT "groups".* FROM "groups" WHERE "groups"."user_id" = $1 ORDER BY "groups"."created_at" DESC[0m  [["user_id", 2]]
  ↳ app/views/groups/_home_page.html.erb:12
  [1m[36mEntity Sum (2.7ms)[0m  [1m[34mSELECT SUM("entities"."amount") FROM "entities" WHERE "entities"."group_id" = $1[0m  [["group_id", 2]]
  ↳ app/views/groups/_home_page.html.erb:20
  [1m[36mEntity Sum (4.5ms)[0m  [1m[34mSELECT SUM("entities"."amount") FROM "entities" WHERE "entities"."group_id" = $1[0m  [["group_id", 1]]
  ↳ app/views/groups/_home_page.html.erb:20
  Rendered groups/_home_page.html.erb (Duration: 22.0ms | Allocations: 2683)
  Rendered groups/index.html.erb within layouts/application (Duration: 22.2ms | Allocations: 2766)
  Rendered layout layouts/application.html.erb (Duration: 24.1ms | Allocations: 3740)
Completed 200 OK in 31ms (Views: 10.1ms | ActiveRecord: 15.0ms | Allocations: 5965)


Started GET "/donald" for ::1 at 2023-02-25 20:51:28 +0200
  
ActionController::RoutingError (No route matches [GET] "/donald"):
  
Started GET "/nmbjkjjkjl" for ::1 at 2023-02-25 20:51:28 +0200
  
ActionController::RoutingError (No route matches [GET] "/nmbjkjjkjl"):
  
Started GET "/users/sign_out" for ::1 at 2023-02-25 20:51:31 +0200
  
ActionController::RoutingError (No route matches [GET] "/users/sign_out"):
  
Started GET "/users/sign_out" for ::1 at 2023-02-25 20:51:49 +0200
  
ActionController::RoutingError (No route matches [GET] "/users/sign_out"):
  
Started GET "/users/password/new" for ::1 at 2023-02-25 20:52:00 +0200
Processing by Devise::PasswordsController#new as HTML
  [1m[36mUser Load (0.2ms)[0m  [1m[34mSELECT "users".* FROM "users" WHERE "users"."id" = $1 ORDER BY "users"."id" ASC LIMIT $2[0m  [["id", 2], ["LIMIT", 1]]
Redirected to http://localhost:3000/
Filter chain halted as :require_no_authentication rendered or redirected
Completed 302 Found in 6ms (ActiveRecord: 0.2ms | Allocations: 1987)


Started GET "/" for ::1 at 2023-02-25 20:52:01 +0200
Processing by GroupsController#index as HTML
  [1m[36mUser Load (0.2ms)[0m  [1m[34mSELECT "users".* FROM "users" WHERE "users"."id" = $1 ORDER BY "users"."id" ASC LIMIT $2[0m  [["id", 2], ["LIMIT", 1]]
  Rendering layout layouts/application.html.erb
  Rendering groups/index.html.erb within layouts/application
  [1m[36mGroup Exists? (2.4ms)[0m  [1m[34mSELECT 1 AS one FROM "groups" WHERE "groups"."user_id" = $1 LIMIT $2[0m  [["user_id", 2], ["LIMIT", 1]]
  ↳ app/views/groups/_home_page.html.erb:9
  [1m[36mGroup Load (3.6ms)[0m  [1m[34mSELECT "groups".* FROM "groups" WHERE "groups"."user_id" = $1 ORDER BY "groups"."created_at" DESC[0m  [["user_id", 2]]
  ↳ app/views/groups/_home_page.html.erb:12
  [1m[36mEntity Sum (0.3ms)[0m  [1m[34mSELECT SUM("entities"."amount") FROM "entities" WHERE "entities"."group_id" = $1[0m  [["group_id", 2]]
  ↳ app/views/groups/_home_page.html.erb:20
  [1m[36mEntity Sum (2.6ms)[0m  [1m[34mSELECT SUM("entities"."amount") FROM "entities" WHERE "entities"."group_id" = $1[0m  [["group_id", 1]]
  ↳ app/views/groups/_home_page.html.erb:20
  Rendered groups/_home_page.html.erb (Duration: 16.0ms | Allocations: 2748)
  Rendered groups/index.html.erb within layouts/application (Duration: 16.2ms | Allocations: 2837)
  Rendered layout layouts/application.html.erb (Duration: 19.9ms | Allocations: 3923)
Completed 200 OK in 29ms (Views: 11.6ms | ActiveRecord: 9.2ms | Allocations: 6289)


Started GET "/donald" for ::1 at 2023-02-25 20:52:01 +0200
  
ActionController::RoutingError (No route matches [GET] "/donald"):
  
Started GET "/nmbjkjjkjl" for ::1 at 2023-02-25 20:52:01 +0200
  
ActionController::RoutingError (No route matches [GET] "/nmbjkjjkjl"):
  
Started GET "/groups/new" for ::1 at 2023-02-25 20:52:09 +0200
Processing by GroupsController#new as HTML
  [1m[36mUser Load (0.3ms)[0m  [1m[34mSELECT "users".* FROM "users" WHERE "users"."id" = $1 ORDER BY "users"."id" ASC LIMIT $2[0m  [["id", 2], ["LIMIT", 1]]
  Rendering layout layouts/application.html.erb
  Rendering groups/new.html.erb within layouts/application
  Rendered groups/new.html.erb within layouts/application (Duration: 1.0ms | Allocations: 585)
  Rendered layout layouts/application.html.erb (Duration: 5.1ms | Allocations: 1566)
Completed 200 OK in 14ms (Views: 6.5ms | ActiveRecord: 0.3ms | Allocations: 3688)


Started POST "/groups" for ::1 at 2023-02-25 20:52:12 +0200
Processing by GroupsController#create as HTML
  Parameters: {"authenticity_token"=>"[FILTERED]", "group"=>{"name"=>"", "icon"=>""}, "commit"=>"Submit"}
  [1m[36mUser Load (0.2ms)[0m  [1m[34mSELECT "users".* FROM "users" WHERE "users"."id" = $1 ORDER BY "users"."id" ASC LIMIT $2[0m  [["id", 2], ["LIMIT", 1]]
  [1m[36mTRANSACTION (0.2ms)[0m  [1m[35mBEGIN[0m
  ↳ app/controllers/groups_controller.rb:17:in `create'
  [1m[36mUser Load (2.9ms)[0m  [1m[34mSELECT "users".* FROM "users" WHERE "users"."id" = $1 LIMIT $2[0m  [["id", 2], ["LIMIT", 1]]
  ↳ app/controllers/groups_controller.rb:17:in `create'
  [1m[36mTRANSACTION (4.5ms)[0m  [1m[31mROLLBACK[0m
  ↳ app/controllers/groups_controller.rb:17:in `create'
  Rendering layout layouts/application.html.erb
  Rendering groups/new.html.erb within layouts/application
  Rendered groups/new.html.erb within layouts/application (Duration: 1.8ms | Allocations: 1153)
  Rendered layout layouts/application.html.erb (Duration: 4.5ms | Allocations: 2117)
Completed 422 Unprocessable Entity in 27ms (Views: 5.1ms | ActiveRecord: 7.7ms | Allocations: 6976)


Started POST "/groups" for ::1 at 2023-02-25 20:52:13 +0200
Processing by GroupsController#create as HTML
  Parameters: {"authenticity_token"=>"[FILTERED]", "group"=>{"name"=>"", "icon"=>""}, "commit"=>"Submit"}
  [1m[36mUser Load (0.2ms)[0m  [1m[34mSELECT "users".* FROM "users" WHERE "users"."id" = $1 ORDER BY "users"."id" ASC LIMIT $2[0m  [["id", 2], ["LIMIT", 1]]
  [1m[36mTRANSACTION (0.2ms)[0m  [1m[35mBEGIN[0m
  ↳ app/controllers/groups_controller.rb:17:in `create'
  [1m[36mUser Load (2.4ms)[0m  [1m[34mSELECT "users".* FROM "users" WHERE "users"."id" = $1 LIMIT $2[0m  [["id", 2], ["LIMIT", 1]]
  ↳ app/controllers/groups_controller.rb:17:in `create'
  [1m[36mTRANSACTION (4.2ms)[0m  [1m[31mROLLBACK[0m
  ↳ app/controllers/groups_controller.rb:17:in `create'
  Rendering layout layouts/application.html.erb
  Rendering groups/new.html.erb within layouts/application
  Rendered groups/new.html.erb within layouts/application (Duration: 2.1ms | Allocations: 1138)
  Rendered layout layouts/application.html.erb (Duration: 4.4ms | Allocations: 2102)
Completed 422 Unprocessable Entity in 26ms (Views: 5.0ms | ActiveRecord: 7.0ms | Allocations: 6893)


Started GET "/groups" for ::1 at 2023-02-25 20:52:25 +0200
Processing by GroupsController#index as HTML
  [1m[36mUser Load (0.6ms)[0m  [1m[34mSELECT "users".* FROM "users" WHERE "users"."id" = $1 ORDER BY "users"."id" ASC LIMIT $2[0m  [["id", 2], ["LIMIT", 1]]
  Rendering layout layouts/application.html.erb
  Rendering groups/index.html.erb within layouts/application
  [1m[36mGroup Exists? (3.3ms)[0m  [1m[34mSELECT 1 AS one FROM "groups" WHERE "groups"."user_id" = $1 LIMIT $2[0m  [["user_id", 2], ["LIMIT", 1]]
  ↳ app/views/groups/_home_page.html.erb:9
  [1m[36mGroup Load (2.8ms)[0m  [1m[34mSELECT "groups".* FROM "groups" WHERE "groups"."user_id" = $1 ORDER BY "groups"."created_at" DESC[0m  [["user_id", 2]]
  ↳ app/views/groups/_home_page.html.erb:12
  [1m[36mEntity Sum (5.3ms)[0m  [1m[34mSELECT SUM("entities"."amount") FROM "entities" WHERE "entities"."group_id" = $1[0m  [["group_id", 2]]
  ↳ app/views/groups/_home_page.html.erb:20
  [1m[36mEntity Sum (3.1ms)[0m  [1m[34mSELECT SUM("entities"."amount") FROM "entities" WHERE "entities"."group_id" = $1[0m  [["group_id", 1]]
  ↳ app/views/groups/_home_page.html.erb:20
  Rendered groups/_home_page.html.erb (Duration: 21.5ms | Allocations: 2682)
  Rendered groups/index.html.erb within layouts/application (Duration: 21.8ms | Allocations: 2765)
  Rendered layout layouts/application.html.erb (Duration: 26.1ms | Allocations: 3739)
Completed 200 OK in 39ms (Views: 12.7ms | ActiveRecord: 15.1ms | Allocations: 5964)


Started GET "/donald" for ::1 at 2023-02-25 20:52:26 +0200
Started GET "/nmbjkjjkjl" for ::1 at 2023-02-25 20:52:26 +0200
  
ActionController::RoutingError (No route matches [GET] "/nmbjkjjkjl"):
  
  
ActionController::RoutingError (No route matches [GET] "/donald"):
  
Started GET "/groups/new" for ::1 at 2023-02-25 20:52:35 +0200
Processing by GroupsController#new as HTML
  [1m[36mUser Load (0.3ms)[0m  [1m[34mSELECT "users".* FROM "users" WHERE "users"."id" = $1 ORDER BY "users"."id" ASC LIMIT $2[0m  [["id", 2], ["LIMIT", 1]]
  Rendering layout layouts/application.html.erb
  Rendering groups/new.html.erb within layouts/application
  Rendered groups/new.html.erb within layouts/application (Duration: 1.0ms | Allocations: 560)
  Rendered layout layouts/application.html.erb (Duration: 6.6ms | Allocations: 1541)
Completed 200 OK in 27ms (Views: 8.9ms | ActiveRecord: 0.3ms | Allocations: 3681)


Started GET "/groups" for ::1 at 2023-02-25 20:52:40 +0200
Processing by GroupsController#index as HTML
  [1m[36mUser Load (0.7ms)[0m  [1m[34mSELECT "users".* FROM "users" WHERE "users"."id" = $1 ORDER BY "users"."id" ASC LIMIT $2[0m  [["id", 2], ["LIMIT", 1]]
  Rendering layout layouts/application.html.erb
  Rendering groups/index.html.erb within layouts/application
  [1m[36mGroup Exists? (3.8ms)[0m  [1m[34mSELECT 1 AS one FROM "groups" WHERE "groups"."user_id" = $1 LIMIT $2[0m  [["user_id", 2], ["LIMIT", 1]]
  ↳ app/views/groups/_home_page.html.erb:9
  [1m[36mGroup Load (5.7ms)[0m  [1m[34mSELECT "groups".* FROM "groups" WHERE "groups"."user_id" = $1 ORDER BY "groups"."created_at" DESC[0m  [["user_id", 2]]
  ↳ app/views/groups/_home_page.html.erb:12
  [1m[36mEntity Sum (6.0ms)[0m  [1m[34mSELECT SUM("entities"."amount") FROM "entities" WHERE "entities"."group_id" = $1[0m  [["group_id", 2]]
  ↳ app/views/groups/_home_page.html.erb:20
  [1m[36mEntity Sum (5.8ms)[0m  [1m[34mSELECT SUM("entities"."amount") FROM "entities" WHERE "entities"."group_id" = $1[0m  [["group_id", 1]]
  ↳ app/views/groups/_home_page.html.erb:20
  Rendered groups/_home_page.html.erb (Duration: 27.9ms | Allocations: 2683)
  Rendered groups/index.html.erb within layouts/application (Duration: 28.1ms | Allocations: 2766)
  Rendered layout layouts/application.html.erb (Duration: 29.9ms | Allocations: 3740)
Completed 200 OK in 39ms (Views: 9.2ms | ActiveRecord: 22.0ms | Allocations: 5967)


Started GET "/donald" for ::1 at 2023-02-25 20:52:40 +0200
Started GET "/nmbjkjjkjl" for ::1 at 2023-02-25 20:52:40 +0200
  
ActionController::RoutingError (No route matches [GET] "/donald"):
  
  
ActionController::RoutingError (No route matches [GET] "/nmbjkjjkjl"):
  
Started GET "/groups" for ::1 at 2023-02-25 20:52:42 +0200
Processing by GroupsController#index as HTML
  [1m[36mUser Load (0.2ms)[0m  [1m[34mSELECT "users".* FROM "users" WHERE "users"."id" = $1 ORDER BY "users"."id" ASC LIMIT $2[0m  [["id", 2], ["LIMIT", 1]]
  Rendering layout layouts/application.html.erb
  Rendering groups/index.html.erb within layouts/application
  [1m[36mGroup Exists? (5.0ms)[0m  [1m[34mSELECT 1 AS one FROM "groups" WHERE "groups"."user_id" = $1 LIMIT $2[0m  [["user_id", 2], ["LIMIT", 1]]
  ↳ app/views/groups/_home_page.html.erb:9
  [1m[36mGroup Load (3.1ms)[0m  [1m[34mSELECT "groups".* FROM "groups" WHERE "groups"."user_id" = $1 ORDER BY "groups"."created_at" DESC[0m  [["user_id", 2]]
  ↳ app/views/groups/_home_page.html.erb:12
  [1m[36mEntity Sum (2.5ms)[0m  [1m[34mSELECT SUM("entities"."amount") FROM "entities" WHERE "entities"."group_id" = $1[0m  [["group_id", 2]]
  ↳ app/views/groups/_home_page.html.erb:20
  [1m[36mEntity Sum (5.7ms)[0m  [1m[34mSELECT SUM("entities"."amount") FROM "entities" WHERE "entities"."group_id" = $1[0m  [["group_id", 1]]
  ↳ app/views/groups/_home_page.html.erb:20
  Rendered groups/_home_page.html.erb (Duration: 24.1ms | Allocations: 2683)
  Rendered groups/index.html.erb within layouts/application (Duration: 24.4ms | Allocations: 2766)
  Rendered layout layouts/application.html.erb (Duration: 26.4ms | Allocations: 3747)
Completed 200 OK in 34ms (Views: 11.7ms | ActiveRecord: 16.5ms | Allocations: 5976)


Started GET "/donald" for ::1 at 2023-02-25 20:52:42 +0200
  
ActionController::RoutingError (No route matches [GET] "/donald"):
  
Started GET "/nmbjkjjkjl" for ::1 at 2023-02-25 20:52:42 +0200
  
ActionController::RoutingError (No route matches [GET] "/nmbjkjjkjl"):
  
  [1m[35m (31.0ms)[0m  [1m[35mCREATE DATABASE "MY_app_development" ENCODING = 'unicode'[0m
  [1m[35m (0.8ms)[0m  [1m[34mSELECT pg_try_advisory_lock(475811319472141065)[0m
  [1m[35m (50.3ms)[0m  [1m[35mCREATE DATABASE "my_app_test" ENCODING = 'unicode'[0m
  [1m[36mActiveRecord::SchemaMigration Pluck (1.4ms)[0m  [1m[34mSELECT "schema_migrations"."version" FROM "schema_migrations" ORDER BY "schema_migrations"."version" ASC[0m
Migrating to DeviseCreateUsers (20220606111714)
  [1m[36mTRANSACTION (0.2ms)[0m  [1m[35mBEGIN[0m
  [1m[35m (52.8ms)[0m  [1m[35mCREATE TABLE "users" ("id" bigserial primary key, "name" character varying, "email" character varying DEFAULT '' NOT NULL, "encrypted_password" character varying DEFAULT '' NOT NULL, "reset_password_token" character varying, "reset_password_sent_at" timestamp(6), "remember_created_at" timestamp(6), "confirmation_token" character varying, "confirmed_at" timestamp(6), "confirmation_sent_at" timestamp(6), "unconfirmed_email" character varying, "created_at" timestamp(6) NOT NULL, "updated_at" timestamp(6) NOT NULL)[0m
  [1m[36mTRANSACTION (0.5ms)[0m  [1m[31mROLLBACK[0m
  [1m[35m (0.3ms)[0m  [1m[34mSELECT pg_advisory_unlock(475811319472141065)[0m
Started GET "/" for 127.0.0.1 at 2023-02-25 21:38:15 +0200
  [1m[36mActiveRecord::SchemaMigration Pluck (1.4ms)[0m  [1m[34mSELECT "schema_migrations"."version" FROM "schema_migrations" ORDER BY "schema_migrations"."version" ASC[0m
  [1m[36mCACHE ActiveRecord::SchemaMigration Pluck (0.0ms)[0m  [1m[34mSELECT "schema_migrations"."version" FROM "schema_migrations" ORDER BY "schema_migrations"."version" ASC[0m
  
ActiveRecord::PendingMigrationError (

Migrations are pending. To resolve this issue, run:

        bin/rails db:migrate RAILS_ENV=development

You have 4 pending migrations:

20220606111714_devise_create_users.rb
20220606112745_create_groups.rb
20220606112807_create_entities.rb
20220608160119_create_group_entities.rb


):
  
activerecord (7.0.3) lib/active_record/migration.rb:627:in `check_pending!'
activerecord (7.0.3) lib/active_record/migration.rb:592:in `block (2 levels) in call'
activesupport (7.0.3) lib/active_support/file_update_checker.rb:83:in `execute'
activerecord (7.0.3) lib/active_record/migration.rb:597:in `block in call'
activerecord (7.0.3) lib/active_record/migration.rb:589:in `synchronize'
activerecord (7.0.3) lib/active_record/migration.rb:589:in `call'
actionpack (7.0.3) lib/action_dispatch/middleware/callbacks.rb:27:in `block in call'
activesupport (7.0.3) lib/active_support/callbacks.rb:99:in `run_callbacks'
actionpack (7.0.3) lib/action_dispatch/middleware/callbacks.rb:26:in `call'
actionpack (7.0.3) lib/action_dispatch/middleware/executor.rb:14:in `call'
actionpack (7.0.3) lib/action_dispatch/middleware/actionable_exceptions.rb:17:in `call'
actionpack (7.0.3) lib/action_dispatch/middleware/debug_exceptions.rb:28:in `call'
web-console (4.2.0) lib/web_console/middleware.rb:132:in `call_app'
web-console (4.2.0) lib/web_console/middleware.rb:28:in `block in call'
web-console (4.2.0) lib/web_console/middleware.rb:17:in `catch'
web-console (4.2.0) lib/web_console/middleware.rb:17:in `call'
actionpack (7.0.3) lib/action_dispatch/middleware/show_exceptions.rb:26:in `call'
railties (7.0.3) lib/rails/rack/logger.rb:40:in `call_app'
railties (7.0.3) lib/rails/rack/logger.rb:25:in `block in call'
activesupport (7.0.3) lib/active_support/tagged_logging.rb:114:in `block in tagged'
activesupport (7.0.3) lib/active_support/tagged_logging.rb:38:in `tagged'
activesupport (7.0.3) lib/active_support/tagged_logging.rb:114:in `tagged'
railties (7.0.3) lib/rails/rack/logger.rb:25:in `call'
sprockets-rails (3.4.2) lib/sprockets/rails/quiet_assets.rb:13:in `call'
actionpack (7.0.3) lib/action_dispatch/middleware/remote_ip.rb:93:in `call'
actionpack (7.0.3) lib/action_dispatch/middleware/request_id.rb:26:in `call'
rack (2.2.3.1) lib/rack/method_override.rb:24:in `call'
rack (2.2.3.1) lib/rack/runtime.rb:22:in `call'
activesupport (7.0.3) lib/active_support/cache/strategy/local_cache_middleware.rb:29:in `call'
actionpack (7.0.3) lib/action_dispatch/middleware/server_timing.rb:20:in `call'
actionpack (7.0.3) lib/action_dispatch/middleware/executor.rb:14:in `call'
actionpack (7.0.3) lib/action_dispatch/middleware/static.rb:23:in `call'
rack (2.2.3.1) lib/rack/sendfile.rb:110:in `call'
actionpack (7.0.3) lib/action_dispatch/middleware/host_authorization.rb:137:in `call'
railties (7.0.3) lib/rails/engine.rb:530:in `call'
puma (5.6.4) lib/puma/configuration.rb:252:in `call'
puma (5.6.4) lib/puma/request.rb:77:in `block in handle_request'
puma (5.6.4) lib/puma/thread_pool.rb:340:in `with_force_shutdown'
puma (5.6.4) lib/puma/request.rb:76:in `handle_request'
puma (5.6.4) lib/puma/server.rb:441:in `process_client'
puma (5.6.4) lib/puma/thread_pool.rb:147:in `block in spawn_thread'
  [1m[35m (0.3ms)[0m  [1m[34mSELECT pg_try_advisory_lock(475811319472141065)[0m
  [1m[36mActiveRecord::SchemaMigration Pluck (1.0ms)[0m  [1m[34mSELECT "schema_migrations"."version" FROM "schema_migrations" ORDER BY "schema_migrations"."version" ASC[0m
Migrating to DeviseCreateUsers (20220606111714)
  [1m[36mTRANSACTION (2.3ms)[0m  [1m[35mBEGIN[0m
  [1m[35m (67.9ms)[0m  [1m[35mCREATE TABLE "users" ("id" bigserial primary key, "name" character varying, "email" character varying DEFAULT '' NOT NULL, "encrypted_password" character varying DEFAULT '' NOT NULL, "reset_password_token" character varying, "reset_password_sent_at" timestamp(6), "remember_created_at" timestamp(6), "confirmation_token" character varying, "confirmed_at" timestamp(6), "confirmation_sent_at" timestamp(6), "unconfirmed_email" character varying, "created_at" timestamp(6) NOT NULL, "updated_at" timestamp(6) NOT NULL)[0m
  [1m[36mTRANSACTION (0.3ms)[0m  [1m[31mROLLBACK[0m
  [1m[35m (0.6ms)[0m  [1m[34mSELECT pg_advisory_unlock(475811319472141065)[0m
  [1m[35m (0.2ms)[0m  [1m[34mSELECT pg_try_advisory_lock(475811319472141065)[0m
  [1m[36mActiveRecord::SchemaMigration Pluck (40.0ms)[0m  [1m[34mSELECT "schema_migrations"."version" FROM "schema_migrations" ORDER BY "schema_migrations"."version" ASC[0m
Migrating to DeviseCreateUsers (20220606111714)
  [1m[36mTRANSACTION (2.0ms)[0m  [1m[35mBEGIN[0m
  [1m[35m (42.7ms)[0m  [1m[35mCREATE TABLE "users" ("id" bigserial primary key, "name" character varying, "email" character varying DEFAULT '' NOT NULL, "encrypted_password" character varying DEFAULT '' NOT NULL, "reset_password_token" character varying, "reset_password_sent_at" timestamp(6), "remember_created_at" timestamp(6), "confirmation_token" character varying, "confirmed_at" timestamp(6), "confirmation_sent_at" timestamp(6), "unconfirmed_email" character varying, "created_at" timestamp(6) NOT NULL, "updated_at" timestamp(6) NOT NULL)[0m
  [1m[36mTRANSACTION (0.3ms)[0m  [1m[31mROLLBACK[0m
  [1m[35m (0.5ms)[0m  [1m[34mSELECT pg_advisory_unlock(475811319472141065)[0m
